<?xml version="1.0" encoding="UTF-8"?>
<!-- Generated by org.testng.reporters.JUnitXMLReporter -->
<testsuite ignored="0" hostname="DESKTOP-3689HFM" failures="1" tests="14" name="Test" time="138.507" errors="0" timestamp="2023-10-23T22:16:22 IST">
  <testcase classname="testcases.VerifyProductsAreDisplayedOnTheHomePage" name="imageAreDisplayedOrNot" time="0.117"/>
  <testcase classname="testcases.VerifySearchFuntioanlityOnHomePage" name="FailedTestcase_matchingSearchedProduct" time="10.84">
    <failure type="org.openqa.selenium.NoSuchElementException" message="Unable to locate element: //h4[text()=&amp;apos;Cucumber - 1 Kg&amp;apos;]
For documentation on this error, please visit: https://www.selenium.dev/documentation/webdriver/troubleshooting/errors#no-such-element-exception
Build info: version: &amp;apos;4.11.0&amp;apos;, revision: &amp;apos;040bc5406b&amp;apos;
System info: os.name: &amp;apos;Windows 11&amp;apos;, os.arch: &amp;apos;amd64&amp;apos;, os.version: &amp;apos;10.0&amp;apos;, java.version: &amp;apos;17.0.2&amp;apos;
Driver info: org.openqa.selenium.firefox.FirefoxDriver
Command: [55820e76-7e80-46c4-8f75-68c7d4bec0a4, findElement {using=xpath, value=//h4[text()=&amp;apos;Cucumber - 1 Kg&amp;apos;]}]
Capabilities {acceptInsecureCerts: true, browserName: firefox, browserVersion: 118.0.2, moz:accessibilityChecks: false, moz:buildID: 20231009140911, moz:debuggerAddress: 127.0.0.1:42902, moz:geckodriverVersion: 0.33.0, moz:headless: false, moz:platformVersion: 10.0, moz:processID: 7460, moz:profile: C:\Users\Kumar\AppData\Loca..., moz:shutdownTimeout: 60000, moz:webdriverClick: true, moz:windowless: false, pageLoadStrategy: normal, platformName: windows, proxy: Proxy(), se:cdp: ws://127.0.0.1:42902/devtoo..., se:cdpVersion: 85.0, setWindowRect: true, strictFileInteractability: false, timeouts: {implicit: 0, pageLoad: 300000, script: 30000}, unhandledPromptBehavior: dismiss and notify}
Session ID: 55820e76-7e80-46c4-8f75-68c7d4bec0a4">
      <![CDATA[org.openqa.selenium.NoSuchElementException: Unable to locate element: //h4[text()='Cucumber - 1 Kg']
For documentation on this error, please visit: https://www.selenium.dev/documentation/webdriver/troubleshooting/errors#no-such-element-exception
Build info: version: '4.11.0', revision: '040bc5406b'
System info: os.name: 'Windows 11', os.arch: 'amd64', os.version: '10.0', java.version: '17.0.2'
Driver info: org.openqa.selenium.firefox.FirefoxDriver
Command: [55820e76-7e80-46c4-8f75-68c7d4bec0a4, findElement {using=xpath, value=//h4[text()='Cucumber - 1 Kg']}]
Capabilities {acceptInsecureCerts: true, browserName: firefox, browserVersion: 118.0.2, moz:accessibilityChecks: false, moz:buildID: 20231009140911, moz:debuggerAddress: 127.0.0.1:42902, moz:geckodriverVersion: 0.33.0, moz:headless: false, moz:platformVersion: 10.0, moz:processID: 7460, moz:profile: C:\Users\Kumar\AppData\Loca..., moz:shutdownTimeout: 60000, moz:webdriverClick: true, moz:windowless: false, pageLoadStrategy: normal, platformName: windows, proxy: Proxy(), se:cdp: ws://127.0.0.1:42902/devtoo..., se:cdpVersion: 85.0, setWindowRect: true, strictFileInteractability: false, timeouts: {implicit: 0, pageLoad: 300000, script: 30000}, unhandledPromptBehavior: dismiss and notify}
Session ID: 55820e76-7e80-46c4-8f75-68c7d4bec0a4
at org.openqa.selenium.remote.codec.w3c.W3CHttpResponseCodec.createException(W3CHttpResponseCodec.java:200)
at org.openqa.selenium.remote.codec.w3c.W3CHttpResponseCodec.decode(W3CHttpResponseCodec.java:133)
at org.openqa.selenium.remote.codec.w3c.W3CHttpResponseCodec.decode(W3CHttpResponseCodec.java:52)
at org.openqa.selenium.remote.HttpCommandExecutor.execute(HttpCommandExecutor.java:191)
at org.openqa.selenium.remote.service.DriverCommandExecutor.invokeExecute(DriverCommandExecutor.java:196)
at org.openqa.selenium.remote.service.DriverCommandExecutor.execute(DriverCommandExecutor.java:171)
at org.openqa.selenium.remote.RemoteWebDriver.execute(RemoteWebDriver.java:518)
at org.openqa.selenium.remote.ElementLocation$ElementFinder$2.findElement(ElementLocation.java:165)
at org.openqa.selenium.remote.ElementLocation.findElement(ElementLocation.java:59)
at org.openqa.selenium.remote.RemoteWebDriver.findElement(RemoteWebDriver.java:355)
at org.openqa.selenium.remote.RemoteWebDriver.findElement(RemoteWebDriver.java:349)
at org.openqa.selenium.support.pagefactory.DefaultElementLocator.findElement(DefaultElementLocator.java:68)
at org.openqa.selenium.support.pagefactory.internal.LocatingElementHandler.invoke(LocatingElementHandler.java:38)
at jdk.proxy2/jdk.proxy2.$Proxy31.getText(Unknown Source)
at Pages.HomePage.dispalyCucumberText(HomePage.java:86)
at Pages.HomePage.isTextContains(HomePage.java:175)
at testcases.VerifySearchFuntioanlityOnHomePage.FailedTestcase_matchingSearchedProduct(VerifySearchFuntioanlityOnHomePage.java:50)
at java.base/java.util.ArrayList.forEach(ArrayList.java:1511)
... Removed 32 stack frames]]>
    </failure>
  </testcase> <!-- FailedTestcase_matchingSearchedProduct -->
  <testcase classname="testcases.VerifySearchFuntioanlityOnHomePage" name="matchingSearchedProduct" time="1.095"/>
  <testcase classname="testcases.VerifyProductImagePriceAndAddToCartButtonAreDisplayedForEachProduct" name="verifyAllElements" time="0.769"/>
  <testcase classname="testcases.VerifyAddToCartFuntionality" name="AddToCart" time="0.934"/>
  <testcase classname="testcases.VerifyProductDetailsInMiniBasket" name="checkDetailsInMiniBasket" time="1.167"/>
  <testcase classname="testcases.VerifyProductDetailsInCheckoutPage" name="checkoutPage" time="1.988"/>
  <testcase classname="testcases.VerifyOrderCannotBePlacedWithoutSelectingTermsAndConditions" name="FailingTestCase_notSelectTermsAndCondition" time="2.621"/>
  <testcase classname="testcases.VerifyOrderCannotBePlacedWithoutSelectingTermsAndConditions" name="selectTermsAndCondition" time="2.566"/>
  <testcase classname="testcases.VerifyUserCanNavigateToTermsAndConditionsPage" name="NavigateToTermsAndConditionsPage" time="2.788"/>
  <testcase classname="testcases.VerifySingleItemOrderType" name="VerifySingleLineMultiQtyOrder" time="2.513"/>
  <testcase classname="testcases.VerifySingleItemOrderType" name="VerifySingleLineOrder" time="2.224"/>
  <testcase classname="testcases.VerifyMultipleItemOrderType" name="VerifyMultiLIneOrder" time="2.525"/>
  <testcase classname="testcases.VerifyMultipleItemOrderType" name="VerifyMultiLineMultiQtyOrder" time="3.457"/>
</testsuite> <!-- Test -->
