<html>
<head>
<title>TestNG:  Test</title>
<link href="../testng.css" rel="stylesheet" type="text/css" />
<link href="../my-testng.css" rel="stylesheet" type="text/css" />

<style type="text/css">
.log { display: none;} 
.stack-trace { display: none;} 
</style>
<script type="text/javascript">
<!--
function flip(e) {
  current = e.style.display;
  if (current == 'block') {
    e.style.display = 'none';
    return 0;
  }
  else {
    e.style.display = 'block';
    return 1;
  }
}

function toggleBox(szDivId, elem, msg1, msg2)
{
  var res = -1;  if (document.getElementById) {
    res = flip(document.getElementById(szDivId));
  }
  else if (document.all) {
    // this is the way old msie versions work
    res = flip(document.all[szDivId]);
  }
  if(elem) {
    if(res == 0) elem.innerHTML = msg1; else elem.innerHTML = msg2;
  }

}

function toggleAllBoxes() {
  if (document.getElementsByTagName) {
    d = document.getElementsByTagName('div');
    for (i = 0; i < d.length; i++) {
      if (d[i].className == 'log') {
        flip(d[i]);
      }
    }
  }
}

// -->
</script>

</head>
<body>
<h2 align='center'>Test</h2><table border='1' align="center">
<tr>
<td>Tests passed/Failed/Skipped:</td><td>13/1/0</td>
</tr><tr>
<td>Started on:</td><td>Mon Oct 23 22:14:04 IST 2023</td>
</tr>
<tr><td>Total time:</td><td>138 seconds (138507 ms)</td>
</tr><tr>
<td>Included groups:</td><td></td>
</tr><tr>
<td>Excluded groups:</td><td></td>
</tr>
</table><p/>
<small><i>(Hover the method name to see the test class name)</i></small><p/>
<table width='100%' border='1' class='invocation-failed'>
<tr><td colspan='4' align='center'><b>FAILED TESTS</b></td></tr>
<tr><td><b>Test method</b></td>
<td width="30%"><b>Exception</b></td>
<td width="10%"><b>Time (seconds)</b></td>
<td><b>Instance</b></td>
</tr>
<tr>
<td title='testcases.VerifySearchFuntioanlityOnHomePage.FailedTestcase_matchingSearchedProduct()'><b>FailedTestcase_matchingSearchedProduct</b><br>Test class: testcases.VerifySearchFuntioanlityOnHomePage</td>
<td><div><pre>org.openqa.selenium.NoSuchElementException: Unable to locate element: //h4[text()=&apos;Cucumber - 1 Kg&apos;]
For documentation on this error, please visit: https://www.selenium.dev/documentation/webdriver/troubleshooting/errors#no-such-element-exception
Build info: version: &apos;4.11.0&apos;, revision: &apos;040bc5406b&apos;
System info: os.name: &apos;Windows 11&apos;, os.arch: &apos;amd64&apos;, os.version: &apos;10.0&apos;, java.version: &apos;17.0.2&apos;
Driver info: org.openqa.selenium.firefox.FirefoxDriver
Command: [55820e76-7e80-46c4-8f75-68c7d4bec0a4, findElement {using=xpath, value=//h4[text()=&apos;Cucumber - 1 Kg&apos;]}]
Capabilities {acceptInsecureCerts: true, browserName: firefox, browserVersion: 118.0.2, moz:accessibilityChecks: false, moz:buildID: 20231009140911, moz:debuggerAddress: 127.0.0.1:42902, moz:geckodriverVersion: 0.33.0, moz:headless: false, moz:platformVersion: 10.0, moz:processID: 7460, moz:profile: C:\Users\Kumar\AppData\Loca..., moz:shutdownTimeout: 60000, moz:webdriverClick: true, moz:windowless: false, pageLoadStrategy: normal, platformName: windows, proxy: Proxy(), se:cdp: ws://127.0.0.1:42902/devtoo..., se:cdpVersion: 85.0, setWindowRect: true, strictFileInteractability: false, timeouts: {implicit: 0, pageLoad: 300000, script: 30000}, unhandledPromptBehavior: dismiss and notify}
Session ID: 55820e76-7e80-46c4-8f75-68c7d4bec0a4
	at org.openqa.selenium.remote.codec.w3c.W3CHttpResponseCodec.createException(W3CHttpResponseCodec.java:200)
	at org.openqa.selenium.remote.codec.w3c.W3CHttpResponseCodec.decode(W3CHttpResponseCodec.java:133)
	at org.openqa.selenium.remote.codec.w3c.W3CHttpResponseCodec.decode(W3CHttpResponseCodec.java:52)
	at org.openqa.selenium.remote.HttpCommandExecutor.execute(HttpCommandExecutor.java:191)
	at org.openqa.selenium.remote.service.DriverCommandExecutor.invokeExecute(DriverCommandExecutor.java:196)
	at org.openqa.selenium.remote.service.DriverCommandExecutor.execute(DriverCommandExecutor.java:171)
	at org.openqa.selenium.remote.RemoteWebDriver.execute(RemoteWebDriver.java:518)
	at org.openqa.selenium.remote.ElementLocation$ElementFinder$2.findElement(ElementLocation.java:165)
	at org.openqa.selenium.remote.ElementLocation.findElement(ElementLocation.java:59)
	at org.openqa.selenium.remote.RemoteWebDriver.findElement(RemoteWebDriver.java:355)
	at org.openqa.selenium.remote.RemoteWebDriver.findElement(RemoteWebDriver.java:349)
	at org.openqa.selenium.support.pagefactory.DefaultElementLocator.findElement(DefaultElementLocator.java:68)
	at org.openqa.selenium.support.pagefactory.internal.LocatingElementHandler.invoke(LocatingElementHandler.java:38)
	at jdk.proxy2/jdk.proxy2.$Proxy31.getText(Unknown Source)
	at Pages.HomePage.dispalyCucumberText(HomePage.java:86)
	at Pages.HomePage.isTextContains(HomePage.java:175)
	at testcases.VerifySearchFuntioanlityOnHomePage.FailedTestcase_matchingSearchedProduct(VerifySearchFuntioanlityOnHomePage.java:50)
	at java.base/java.util.ArrayList.forEach(ArrayList.java:1511)
... Removed 32 stack frames</pre></div><a href='#' onClick='toggleBox("stack-trace1556841942", this, "Click to show all stack frames", "Click to hide stack frames")'>Click to show all stack frames</a>
<div class='stack-trace' id='stack-trace1556841942'><pre>org.openqa.selenium.NoSuchElementException: Unable to locate element: //h4[text()=&apos;Cucumber - 1 Kg&apos;]
For documentation on this error, please visit: https://www.selenium.dev/documentation/webdriver/troubleshooting/errors#no-such-element-exception
Build info: version: &apos;4.11.0&apos;, revision: &apos;040bc5406b&apos;
System info: os.name: &apos;Windows 11&apos;, os.arch: &apos;amd64&apos;, os.version: &apos;10.0&apos;, java.version: &apos;17.0.2&apos;
Driver info: org.openqa.selenium.firefox.FirefoxDriver
Command: [55820e76-7e80-46c4-8f75-68c7d4bec0a4, findElement {using=xpath, value=//h4[text()=&apos;Cucumber - 1 Kg&apos;]}]
Capabilities {acceptInsecureCerts: true, browserName: firefox, browserVersion: 118.0.2, moz:accessibilityChecks: false, moz:buildID: 20231009140911, moz:debuggerAddress: 127.0.0.1:42902, moz:geckodriverVersion: 0.33.0, moz:headless: false, moz:platformVersion: 10.0, moz:processID: 7460, moz:profile: C:\Users\Kumar\AppData\Loca..., moz:shutdownTimeout: 60000, moz:webdriverClick: true, moz:windowless: false, pageLoadStrategy: normal, platformName: windows, proxy: Proxy(), se:cdp: ws://127.0.0.1:42902/devtoo..., se:cdpVersion: 85.0, setWindowRect: true, strictFileInteractability: false, timeouts: {implicit: 0, pageLoad: 300000, script: 30000}, unhandledPromptBehavior: dismiss and notify}
Session ID: 55820e76-7e80-46c4-8f75-68c7d4bec0a4
	at java.base/jdk.internal.reflect.NativeConstructorAccessorImpl.newInstance0(Native Method)
	at java.base/jdk.internal.reflect.NativeConstructorAccessorImpl.newInstance(NativeConstructorAccessorImpl.java:77)
	at java.base/jdk.internal.reflect.DelegatingConstructorAccessorImpl.newInstance(DelegatingConstructorAccessorImpl.java:45)
	at java.base/java.lang.reflect.Constructor.newInstanceWithCaller(Constructor.java:499)
	at java.base/java.lang.reflect.Constructor.newInstance(Constructor.java:480)
	at org.openqa.selenium.remote.codec.w3c.W3CHttpResponseCodec.createException(W3CHttpResponseCodec.java:200)
	at org.openqa.selenium.remote.codec.w3c.W3CHttpResponseCodec.decode(W3CHttpResponseCodec.java:133)
	at org.openqa.selenium.remote.codec.w3c.W3CHttpResponseCodec.decode(W3CHttpResponseCodec.java:52)
	at org.openqa.selenium.remote.HttpCommandExecutor.execute(HttpCommandExecutor.java:191)
	at org.openqa.selenium.remote.service.DriverCommandExecutor.invokeExecute(DriverCommandExecutor.java:196)
	at org.openqa.selenium.remote.service.DriverCommandExecutor.execute(DriverCommandExecutor.java:171)
	at org.openqa.selenium.remote.RemoteWebDriver.execute(RemoteWebDriver.java:518)
	at org.openqa.selenium.remote.ElementLocation$ElementFinder$2.findElement(ElementLocation.java:165)
	at org.openqa.selenium.remote.ElementLocation.findElement(ElementLocation.java:59)
	at org.openqa.selenium.remote.RemoteWebDriver.findElement(RemoteWebDriver.java:355)
	at org.openqa.selenium.remote.RemoteWebDriver.findElement(RemoteWebDriver.java:349)
	at org.openqa.selenium.support.pagefactory.DefaultElementLocator.findElement(DefaultElementLocator.java:68)
	at org.openqa.selenium.support.pagefactory.internal.LocatingElementHandler.invoke(LocatingElementHandler.java:38)
	at jdk.proxy2/jdk.proxy2.$Proxy31.getText(Unknown Source)
	at Pages.HomePage.dispalyCucumberText(HomePage.java:86)
	at Pages.HomePage.isTextContains(HomePage.java:175)
	at testcases.VerifySearchFuntioanlityOnHomePage.FailedTestcase_matchingSearchedProduct(VerifySearchFuntioanlityOnHomePage.java:50)
	at java.base/jdk.internal.reflect.NativeMethodAccessorImpl.invoke0(Native Method)
	at java.base/jdk.internal.reflect.NativeMethodAccessorImpl.invoke(NativeMethodAccessorImpl.java:77)
	at java.base/jdk.internal.reflect.DelegatingMethodAccessorImpl.invoke(DelegatingMethodAccessorImpl.java:43)
	at java.base/java.lang.reflect.Method.invoke(Method.java:568)
	at org.testng.internal.MethodInvocationHelper.invokeMethod(MethodInvocationHelper.java:134)
	at org.testng.internal.TestInvoker.invokeMethod(TestInvoker.java:597)
	at org.testng.internal.TestInvoker.invokeTestMethod(TestInvoker.java:173)
	at org.testng.internal.MethodRunner.runInSequence(MethodRunner.java:46)
	at org.testng.internal.TestInvoker$MethodInvocationAgent.invoke(TestInvoker.java:816)
	at org.testng.internal.TestInvoker.invokeTestMethods(TestInvoker.java:146)
	at org.testng.internal.TestMethodWorker.invokeTestMethods(TestMethodWorker.java:146)
	at org.testng.internal.TestMethodWorker.run(TestMethodWorker.java:128)
	at java.base/java.util.ArrayList.forEach(ArrayList.java:1511)
	at org.testng.TestRunner.privateRun(TestRunner.java:766)
	at org.testng.TestRunner.run(TestRunner.java:587)
	at org.testng.SuiteRunner.runTest(SuiteRunner.java:384)
	at org.testng.SuiteRunner.runSequentially(SuiteRunner.java:378)
	at org.testng.SuiteRunner.privateRun(SuiteRunner.java:337)
	at org.testng.SuiteRunner.run(SuiteRunner.java:286)
	at org.testng.SuiteRunnerWorker.runSuite(SuiteRunnerWorker.java:53)
	at org.testng.SuiteRunnerWorker.run(SuiteRunnerWorker.java:96)
	at org.testng.TestNG.runSuitesSequentially(TestNG.java:1187)
	at org.testng.TestNG.runSuitesLocally(TestNG.java:1109)
	at org.testng.TestNG.runSuites(TestNG.java:1039)
	at org.testng.TestNG.run(TestNG.java:1007)
	at org.testng.remote.AbstractRemoteTestNG.run(AbstractRemoteTestNG.java:115)
	at org.testng.remote.RemoteTestNG.initAndRun(RemoteTestNG.java:251)
	at org.testng.remote.RemoteTestNG.main(RemoteTestNG.java:77)
</pre></div></td>
<td>10</td>
<td>testcases.VerifySearchFuntioanlityOnHomePage@2c104774</td></tr>
</table><p>
<table width='100%' border='1' class='invocation-passed'>
<tr><td colspan='4' align='center'><b>PASSED TESTS</b></td></tr>
<tr><td><b>Test method</b></td>
<td width="30%"><b>Exception</b></td>
<td width="10%"><b>Time (seconds)</b></td>
<td><b>Instance</b></td>
</tr>
<tr>
<td title='testcases.VerifyAddToCartFuntionality.AddToCart()'><b>AddToCart</b><br>Test class: testcases.VerifyAddToCartFuntionality</td>
<td></td>
<td>0</td>
<td>testcases.VerifyAddToCartFuntionality@4e517165</td></tr>
<tr>
<td title='testcases.VerifyOrderCannotBePlacedWithoutSelectingTermsAndConditions.FailingTestCase_notSelectTermsAndCondition()'><b>FailingTestCase_notSelectTermsAndCondition</b><br>Test class: testcases.VerifyOrderCannotBePlacedWithoutSelectingTermsAndConditions</td>
<td></td>
<td>2</td>
<td>testcases.VerifyOrderCannotBePlacedWithoutSelectingTermsAndConditions@5860f3d7</td></tr>
<tr>
<td title='testcases.VerifyUserCanNavigateToTermsAndConditionsPage.NavigateToTermsAndConditionsPage()'><b>NavigateToTermsAndConditionsPage</b><br>Test class: testcases.VerifyUserCanNavigateToTermsAndConditionsPage</td>
<td></td>
<td>2</td>
<td>testcases.VerifyUserCanNavigateToTermsAndConditionsPage@1d7f7be7</td></tr>
<tr>
<td title='testcases.VerifyMultipleItemOrderType.VerifyMultiLIneOrder()'><b>VerifyMultiLIneOrder</b><br>Test class: testcases.VerifyMultipleItemOrderType</td>
<td></td>
<td>2</td>
<td>testcases.VerifyMultipleItemOrderType@1ddae9b5</td></tr>
<tr>
<td title='testcases.VerifyMultipleItemOrderType.VerifyMultiLineMultiQtyOrder()'><b>VerifyMultiLineMultiQtyOrder</b><br>Test class: testcases.VerifyMultipleItemOrderType</td>
<td></td>
<td>3</td>
<td>testcases.VerifyMultipleItemOrderType@1ddae9b5</td></tr>
<tr>
<td title='testcases.VerifySingleItemOrderType.VerifySingleLineMultiQtyOrder()'><b>VerifySingleLineMultiQtyOrder</b><br>Test class: testcases.VerifySingleItemOrderType</td>
<td></td>
<td>2</td>
<td>testcases.VerifySingleItemOrderType@42f3156d</td></tr>
<tr>
<td title='testcases.VerifySingleItemOrderType.VerifySingleLineOrder()'><b>VerifySingleLineOrder</b><br>Test class: testcases.VerifySingleItemOrderType</td>
<td></td>
<td>2</td>
<td>testcases.VerifySingleItemOrderType@42f3156d</td></tr>
<tr>
<td title='testcases.VerifyProductDetailsInMiniBasket.checkDetailsInMiniBasket()'><b>checkDetailsInMiniBasket</b><br>Test class: testcases.VerifyProductDetailsInMiniBasket</td>
<td></td>
<td>1</td>
<td>testcases.VerifyProductDetailsInMiniBasket@44e3760b</td></tr>
<tr>
<td title='testcases.VerifyProductDetailsInCheckoutPage.checkoutPage()'><b>checkoutPage</b><br>Test class: testcases.VerifyProductDetailsInCheckoutPage</td>
<td></td>
<td>1</td>
<td>testcases.VerifyProductDetailsInCheckoutPage@6a66a204</td></tr>
<tr>
<td title='testcases.VerifyProductsAreDisplayedOnTheHomePage.imageAreDisplayedOrNot()'><b>imageAreDisplayedOrNot</b><br>Test class: testcases.VerifyProductsAreDisplayedOnTheHomePage</td>
<td></td>
<td>0</td>
<td>testcases.VerifyProductsAreDisplayedOnTheHomePage@6f0ca692</td></tr>
<tr>
<td title='testcases.VerifySearchFuntioanlityOnHomePage.matchingSearchedProduct()'><b>matchingSearchedProduct</b><br>Test class: testcases.VerifySearchFuntioanlityOnHomePage</td>
<td></td>
<td>1</td>
<td>testcases.VerifySearchFuntioanlityOnHomePage@2c104774</td></tr>
<tr>
<td title='testcases.VerifyOrderCannotBePlacedWithoutSelectingTermsAndConditions.selectTermsAndCondition()'><b>selectTermsAndCondition</b><br>Test class: testcases.VerifyOrderCannotBePlacedWithoutSelectingTermsAndConditions</td>
<td></td>
<td>2</td>
<td>testcases.VerifyOrderCannotBePlacedWithoutSelectingTermsAndConditions@5860f3d7</td></tr>
<tr>
<td title='testcases.VerifyProductImagePriceAndAddToCartButtonAreDisplayedForEachProduct.verifyAllElements()'><b>verifyAllElements</b><br>Test class: testcases.VerifyProductImagePriceAndAddToCartButtonAreDisplayedForEachProduct</td>
<td></td>
<td>0</td>
<td>testcases.VerifyProductImagePriceAndAddToCartButtonAreDisplayedForEachProduct@2cb3d0f7</td></tr>
</table><p>
</body>
</html>