<html>
<head>
<title>TestNG:  Test</title>
<link href="../testng.css" rel="stylesheet" type="text/css" />
<link href="../my-testng.css" rel="stylesheet" type="text/css" />

<style type="text/css">
.log { display: none;} 
.stack-trace { display: none;} 
</style>
<script type="text/javascript">
<!--
function flip(e) {
  current = e.style.display;
  if (current == 'block') {
    e.style.display = 'none';
    return 0;
  }
  else {
    e.style.display = 'block';
    return 1;
  }
}

function toggleBox(szDivId, elem, msg1, msg2)
{
  var res = -1;  if (document.getElementById) {
    res = flip(document.getElementById(szDivId));
  }
  else if (document.all) {
    // this is the way old msie versions work
    res = flip(document.all[szDivId]);
  }
  if(elem) {
    if(res == 0) elem.innerHTML = msg1; else elem.innerHTML = msg2;
  }

}

function toggleAllBoxes() {
  if (document.getElementsByTagName) {
    d = document.getElementsByTagName('div');
    for (i = 0; i < d.length; i++) {
      if (d[i].className == 'log') {
        flip(d[i]);
      }
    }
  }
}

// -->
</script>

</head>
<body>
<h2 align='center'>Test</h2><table border='1' align="center">
<tr>
<td>Tests passed/Failed/Skipped:</td><td>13/1/0</td>
</tr><tr>
<td>Started on:</td><td>Tue Sep 26 15:46:54 IST 2023</td>
</tr>
<tr><td>Total time:</td><td>105 seconds (105522 ms)</td>
</tr><tr>
<td>Included groups:</td><td></td>
</tr><tr>
<td>Excluded groups:</td><td></td>
</tr>
</table><p/>
<small><i>(Hover the method name to see the test class name)</i></small><p/>
<table width='100%' border='1' class='invocation-failed'>
<tr><td colspan='4' align='center'><b>FAILED TESTS</b></td></tr>
<tr><td><b>Test method</b></td>
<td width="30%"><b>Exception</b></td>
<td width="10%"><b>Time (seconds)</b></td>
<td><b>Instance</b></td>
</tr>
<tr>
<td title='testcases.VerifySearchFuntioanlityOnHomePage.FailedTestcase_matchingSearchedProduct()'><b>FailedTestcase_matchingSearchedProduct</b><br>Test class: testcases.VerifySearchFuntioanlityOnHomePage</td>
<td><div><pre>org.openqa.selenium.NoSuchElementException: no such element: Unable to locate element: {&quot;method&quot;:&quot;xpath&quot;,&quot;selector&quot;:&quot;//h4[text()=&apos;Cucumber - 1 Kg&apos;]&quot;}
  (Session info: chrome=117.0.5938.92)
For documentation on this error, please visit: https://www.selenium.dev/documentation/webdriver/troubleshooting/errors#no-such-element-exception
Build info: version: &apos;4.11.0&apos;, revision: &apos;040bc5406b&apos;
System info: os.name: &apos;Windows 11&apos;, os.arch: &apos;amd64&apos;, os.version: &apos;10.0&apos;, java.version: &apos;17.0.8.1&apos;
Driver info: org.openqa.selenium.chrome.ChromeDriver
Command: [635cb4fb023424d5e1b431a9f6a35b0b, findElement {using=xpath, value=//h4[text()=&apos;Cucumber - 1 Kg&apos;]}]
Capabilities {acceptInsecureCerts: false, browserName: chrome, browserVersion: 117.0.5938.92, chrome: {chromedriverVersion: 117.0.5938.92 (67649b10b92b..., userDataDir: C:\Users\Kumar\AppData\Loca...}, fedcm:accounts: true, goog:chromeOptions: {debuggerAddress: localhost:51178}, networkConnectionEnabled: false, pageLoadStrategy: normal, platformName: windows, proxy: Proxy(), se:cdp: ws://localhost:51178/devtoo..., se:cdpVersion: 117.0.5938.92, setWindowRect: true, strictFileInteractability: false, timeouts: {implicit: 0, pageLoad: 300000, script: 30000}, unhandledPromptBehavior: dismiss and notify, webauthn:extension:credBlob: true, webauthn:extension:largeBlob: true, webauthn:extension:minPinLength: true, webauthn:extension:prf: true, webauthn:virtualAuthenticators: true}
Session ID: 635cb4fb023424d5e1b431a9f6a35b0b
	at org.openqa.selenium.remote.codec.w3c.W3CHttpResponseCodec.createException(W3CHttpResponseCodec.java:200)
	at org.openqa.selenium.remote.codec.w3c.W3CHttpResponseCodec.decode(W3CHttpResponseCodec.java:133)
	at org.openqa.selenium.remote.codec.w3c.W3CHttpResponseCodec.decode(W3CHttpResponseCodec.java:52)
	at org.openqa.selenium.remote.HttpCommandExecutor.execute(HttpCommandExecutor.java:191)
	at org.openqa.selenium.remote.service.DriverCommandExecutor.invokeExecute(DriverCommandExecutor.java:196)
	at org.openqa.selenium.remote.service.DriverCommandExecutor.execute(DriverCommandExecutor.java:171)
	at org.openqa.selenium.remote.RemoteWebDriver.execute(RemoteWebDriver.java:518)
	at org.openqa.selenium.remote.ElementLocation$ElementFinder$2.findElement(ElementLocation.java:165)
	at org.openqa.selenium.remote.ElementLocation.findElement(ElementLocation.java:59)
	at org.openqa.selenium.remote.RemoteWebDriver.findElement(RemoteWebDriver.java:355)
	at org.openqa.selenium.remote.RemoteWebDriver.findElement(RemoteWebDriver.java:349)
	at org.openqa.selenium.support.pagefactory.DefaultElementLocator.findElement(DefaultElementLocator.java:68)
	at org.openqa.selenium.support.pagefactory.internal.LocatingElementHandler.invoke(LocatingElementHandler.java:38)
	at jdk.proxy2/jdk.proxy2.$Proxy28.getText(Unknown Source)
	at Pages.HomePage.dispalyCucumberText(HomePage.java:86)
	at Pages.HomePage.isTextContains(HomePage.java:175)
	at testcases.VerifySearchFuntioanlityOnHomePage.FailedTestcase_matchingSearchedProduct(VerifySearchFuntioanlityOnHomePage.java:50)
	at java.base/java.util.ArrayList.forEach(ArrayList.java:1511)
... Removed 36 stack frames</pre></div><a href='#' onClick='toggleBox("stack-trace1039245740", this, "Click to show all stack frames", "Click to hide stack frames")'>Click to show all stack frames</a>
<div class='stack-trace' id='stack-trace1039245740'><pre>org.openqa.selenium.NoSuchElementException: no such element: Unable to locate element: {&quot;method&quot;:&quot;xpath&quot;,&quot;selector&quot;:&quot;//h4[text()=&apos;Cucumber - 1 Kg&apos;]&quot;}
  (Session info: chrome=117.0.5938.92)
For documentation on this error, please visit: https://www.selenium.dev/documentation/webdriver/troubleshooting/errors#no-such-element-exception
Build info: version: &apos;4.11.0&apos;, revision: &apos;040bc5406b&apos;
System info: os.name: &apos;Windows 11&apos;, os.arch: &apos;amd64&apos;, os.version: &apos;10.0&apos;, java.version: &apos;17.0.8.1&apos;
Driver info: org.openqa.selenium.chrome.ChromeDriver
Command: [635cb4fb023424d5e1b431a9f6a35b0b, findElement {using=xpath, value=//h4[text()=&apos;Cucumber - 1 Kg&apos;]}]
Capabilities {acceptInsecureCerts: false, browserName: chrome, browserVersion: 117.0.5938.92, chrome: {chromedriverVersion: 117.0.5938.92 (67649b10b92b..., userDataDir: C:\Users\Kumar\AppData\Loca...}, fedcm:accounts: true, goog:chromeOptions: {debuggerAddress: localhost:51178}, networkConnectionEnabled: false, pageLoadStrategy: normal, platformName: windows, proxy: Proxy(), se:cdp: ws://localhost:51178/devtoo..., se:cdpVersion: 117.0.5938.92, setWindowRect: true, strictFileInteractability: false, timeouts: {implicit: 0, pageLoad: 300000, script: 30000}, unhandledPromptBehavior: dismiss and notify, webauthn:extension:credBlob: true, webauthn:extension:largeBlob: true, webauthn:extension:minPinLength: true, webauthn:extension:prf: true, webauthn:virtualAuthenticators: true}
Session ID: 635cb4fb023424d5e1b431a9f6a35b0b
	at java.base/jdk.internal.reflect.NativeConstructorAccessorImpl.newInstance0(Native Method)
	at java.base/jdk.internal.reflect.NativeConstructorAccessorImpl.newInstance(NativeConstructorAccessorImpl.java:77)
	at java.base/jdk.internal.reflect.DelegatingConstructorAccessorImpl.newInstance(DelegatingConstructorAccessorImpl.java:45)
	at java.base/java.lang.reflect.Constructor.newInstanceWithCaller(Constructor.java:499)
	at java.base/java.lang.reflect.Constructor.newInstance(Constructor.java:480)
	at org.openqa.selenium.remote.codec.w3c.W3CHttpResponseCodec.createException(W3CHttpResponseCodec.java:200)
	at org.openqa.selenium.remote.codec.w3c.W3CHttpResponseCodec.decode(W3CHttpResponseCodec.java:133)
	at org.openqa.selenium.remote.codec.w3c.W3CHttpResponseCodec.decode(W3CHttpResponseCodec.java:52)
	at org.openqa.selenium.remote.HttpCommandExecutor.execute(HttpCommandExecutor.java:191)
	at org.openqa.selenium.remote.service.DriverCommandExecutor.invokeExecute(DriverCommandExecutor.java:196)
	at org.openqa.selenium.remote.service.DriverCommandExecutor.execute(DriverCommandExecutor.java:171)
	at org.openqa.selenium.remote.RemoteWebDriver.execute(RemoteWebDriver.java:518)
	at org.openqa.selenium.remote.ElementLocation$ElementFinder$2.findElement(ElementLocation.java:165)
	at org.openqa.selenium.remote.ElementLocation.findElement(ElementLocation.java:59)
	at org.openqa.selenium.remote.RemoteWebDriver.findElement(RemoteWebDriver.java:355)
	at org.openqa.selenium.remote.RemoteWebDriver.findElement(RemoteWebDriver.java:349)
	at org.openqa.selenium.support.pagefactory.DefaultElementLocator.findElement(DefaultElementLocator.java:68)
	at org.openqa.selenium.support.pagefactory.internal.LocatingElementHandler.invoke(LocatingElementHandler.java:38)
	at jdk.proxy2/jdk.proxy2.$Proxy28.getText(Unknown Source)
	at Pages.HomePage.dispalyCucumberText(HomePage.java:86)
	at Pages.HomePage.isTextContains(HomePage.java:175)
	at testcases.VerifySearchFuntioanlityOnHomePage.FailedTestcase_matchingSearchedProduct(VerifySearchFuntioanlityOnHomePage.java:50)
	at java.base/jdk.internal.reflect.NativeMethodAccessorImpl.invoke0(Native Method)
	at java.base/jdk.internal.reflect.NativeMethodAccessorImpl.invoke(NativeMethodAccessorImpl.java:77)
	at java.base/jdk.internal.reflect.DelegatingMethodAccessorImpl.invoke(DelegatingMethodAccessorImpl.java:43)
	at java.base/java.lang.reflect.Method.invoke(Method.java:568)
	at org.testng.internal.MethodInvocationHelper.invokeMethod(MethodInvocationHelper.java:134)
	at org.testng.internal.TestInvoker.invokeMethod(TestInvoker.java:597)
	at org.testng.internal.TestInvoker.invokeTestMethod(TestInvoker.java:173)
	at org.testng.internal.MethodRunner.runInSequence(MethodRunner.java:46)
	at org.testng.internal.TestInvoker$MethodInvocationAgent.invoke(TestInvoker.java:816)
	at org.testng.internal.TestInvoker.invokeTestMethods(TestInvoker.java:146)
	at org.testng.internal.TestMethodWorker.invokeTestMethods(TestMethodWorker.java:146)
	at org.testng.internal.TestMethodWorker.run(TestMethodWorker.java:128)
	at java.base/java.util.ArrayList.forEach(ArrayList.java:1511)
	at org.testng.TestRunner.privateRun(TestRunner.java:766)
	at org.testng.TestRunner.run(TestRunner.java:587)
	at org.testng.SuiteRunner.runTest(SuiteRunner.java:384)
	at org.testng.SuiteRunner.runSequentially(SuiteRunner.java:378)
	at org.testng.SuiteRunner.privateRun(SuiteRunner.java:337)
	at org.testng.SuiteRunner.run(SuiteRunner.java:286)
	at org.testng.SuiteRunnerWorker.runSuite(SuiteRunnerWorker.java:53)
	at org.testng.SuiteRunnerWorker.run(SuiteRunnerWorker.java:96)
	at org.testng.TestNG.runSuitesSequentially(TestNG.java:1187)
	at org.testng.TestNG.runSuitesLocally(TestNG.java:1109)
	at org.testng.TestNG.runSuites(TestNG.java:1039)
	at org.testng.TestNG.run(TestNG.java:1007)
	at org.apache.maven.surefire.testng.TestNGExecutor.run(TestNGExecutor.java:284)
	at org.apache.maven.surefire.testng.TestNGXmlTestSuite.execute(TestNGXmlTestSuite.java:75)
	at org.apache.maven.surefire.testng.TestNGProvider.invoke(TestNGProvider.java:119)
	at org.apache.maven.surefire.booter.ForkedBooter.runSuitesInProcess(ForkedBooter.java:428)
	at org.apache.maven.surefire.booter.ForkedBooter.execute(ForkedBooter.java:162)
	at org.apache.maven.surefire.booter.ForkedBooter.run(ForkedBooter.java:562)
	at org.apache.maven.surefire.booter.ForkedBooter.main(ForkedBooter.java:548)
</pre></div></td>
<td>10</td>
<td>testcases.VerifySearchFuntioanlityOnHomePage@1fde5d22</td></tr>
</table><p>
<table width='100%' border='1' class='invocation-passed'>
<tr><td colspan='4' align='center'><b>PASSED TESTS</b></td></tr>
<tr><td><b>Test method</b></td>
<td width="30%"><b>Exception</b></td>
<td width="10%"><b>Time (seconds)</b></td>
<td><b>Instance</b></td>
</tr>
<tr>
<td title='testcases.VerifyAddToCartFuntionality.AddToCart()'><b>AddToCart</b><br>Test class: testcases.VerifyAddToCartFuntionality</td>
<td></td>
<td>0</td>
<td>testcases.VerifyAddToCartFuntionality@71812481</td></tr>
<tr>
<td title='testcases.VerifyOrderCannotBePlacedWithoutSelectingTermsAndConditions.FailingTestCase_notSelectTermsAndCondition()'><b>FailingTestCase_notSelectTermsAndCondition</b><br>Test class: testcases.VerifyOrderCannotBePlacedWithoutSelectingTermsAndConditions</td>
<td></td>
<td>2</td>
<td>testcases.VerifyOrderCannotBePlacedWithoutSelectingTermsAndConditions@7ca20101</td></tr>
<tr>
<td title='testcases.VerifyUserCanNavigateToTermsAndConditionsPage.NavigateToTermsAndConditionsPage()'><b>NavigateToTermsAndConditionsPage</b><br>Test class: testcases.VerifyUserCanNavigateToTermsAndConditionsPage</td>
<td></td>
<td>2</td>
<td>testcases.VerifyUserCanNavigateToTermsAndConditionsPage@47f9738</td></tr>
<tr>
<td title='testcases.VerifyMultipleItemOrderType.VerifyMultiLIneOrder()'><b>VerifyMultiLIneOrder</b><br>Test class: testcases.VerifyMultipleItemOrderType</td>
<td></td>
<td>1</td>
<td>testcases.VerifyMultipleItemOrderType@3a5ecce3</td></tr>
<tr>
<td title='testcases.VerifyMultipleItemOrderType.VerifyMultiLineMultiQtyOrder()'><b>VerifyMultiLineMultiQtyOrder</b><br>Test class: testcases.VerifyMultipleItemOrderType</td>
<td></td>
<td>2</td>
<td>testcases.VerifyMultipleItemOrderType@3a5ecce3</td></tr>
<tr>
<td title='testcases.VerifySingleItemOrderType.VerifySingleLineMultiQtyOrder()'><b>VerifySingleLineMultiQtyOrder</b><br>Test class: testcases.VerifySingleItemOrderType</td>
<td></td>
<td>1</td>
<td>testcases.VerifySingleItemOrderType@6155d082</td></tr>
<tr>
<td title='testcases.VerifySingleItemOrderType.VerifySingleLineOrder()'><b>VerifySingleLineOrder</b><br>Test class: testcases.VerifySingleItemOrderType</td>
<td></td>
<td>1</td>
<td>testcases.VerifySingleItemOrderType@6155d082</td></tr>
<tr>
<td title='testcases.VerifyProductDetailsInMiniBasket.checkDetailsInMiniBasket()'><b>checkDetailsInMiniBasket</b><br>Test class: testcases.VerifyProductDetailsInMiniBasket</td>
<td></td>
<td>1</td>
<td>testcases.VerifyProductDetailsInMiniBasket@16ce702d</td></tr>
<tr>
<td title='testcases.VerifyProductDetailsInCheckoutPage.checkoutPage()'><b>checkoutPage</b><br>Test class: testcases.VerifyProductDetailsInCheckoutPage</td>
<td></td>
<td>1</td>
<td>testcases.VerifyProductDetailsInCheckoutPage@7b94089b</td></tr>
<tr>
<td title='testcases.VerifyProductsAreDisplayedOnTheHomePage.imageAreDisplayedOrNot()'><b>imageAreDisplayedOrNot</b><br>Test class: testcases.VerifyProductsAreDisplayedOnTheHomePage</td>
<td></td>
<td>0</td>
<td>testcases.VerifyProductsAreDisplayedOnTheHomePage@1f3f02ee</td></tr>
<tr>
<td title='testcases.VerifySearchFuntioanlityOnHomePage.matchingSearchedProduct()'><b>matchingSearchedProduct</b><br>Test class: testcases.VerifySearchFuntioanlityOnHomePage</td>
<td></td>
<td>1</td>
<td>testcases.VerifySearchFuntioanlityOnHomePage@1fde5d22</td></tr>
<tr>
<td title='testcases.VerifyOrderCannotBePlacedWithoutSelectingTermsAndConditions.selectTermsAndCondition()'><b>selectTermsAndCondition</b><br>Test class: testcases.VerifyOrderCannotBePlacedWithoutSelectingTermsAndConditions</td>
<td></td>
<td>1</td>
<td>testcases.VerifyOrderCannotBePlacedWithoutSelectingTermsAndConditions@7ca20101</td></tr>
<tr>
<td title='testcases.VerifyProductImagePriceAndAddToCartButtonAreDisplayedForEachProduct.verifyAllElements()'><b>verifyAllElements</b><br>Test class: testcases.VerifyProductImagePriceAndAddToCartButtonAreDisplayedForEachProduct</td>
<td></td>
<td>0</td>
<td>testcases.VerifyProductImagePriceAndAddToCartButtonAreDisplayedForEachProduct@5dcb4f5f</td></tr>
</table><p>
</body>
</html>