<!DOCTYPE html PUBLIC "-//W3C//DTD XHTML 1.1//EN" "http://www.w3.org/TR/xhtml11/DTD/xhtml11.dtd">
<html xmlns="http://www.w3.org/1999/xhtml">
<head>
<meta http-equiv="content-type" content="text/html; charset=UTF-8"/>
<title>TestNG Report</title>
<style type="text/css">table {margin-bottom:10px;border-collapse:collapse;empty-cells:show}th,td {border:1px solid #009;padding:.25em .5em}th {vertical-align:bottom}td {vertical-align:top}table a {font-weight:bold}.stripe td {background-color: #E6EBF9}.num {text-align:right}.passedodd td {background-color: #3F3}.passedeven td {background-color: #0A0}.skippedodd td {background-color: #DDD}.skippedeven td {background-color: #CCC}.failedodd td,.attn {background-color: #F33}.failedeven td,.stripe .attn {background-color: #D00}.stacktrace {white-space:pre;font-family:monospace}.totop {font-size:85%;text-align:center;border-bottom:2px solid #000}.invisible {display:none}</style>
</head>
<body>
<table>
<tr><th>Test</th><th># Passed</th><th># Skipped</th><th># Retried</th><th># Failed</th><th>Time (ms)</th><th>Included Groups</th><th>Excluded Groups</th></tr>
<tr><th colspan="8">Suite</th></tr>
<tr><td><a href="#t0">Test</a></td><td class="num">12</td><td class="num">0</td><td class="num">0</td><td class="num attn">2</td><td class="num">113,171</td><td></td><td></td></tr>
</table>
<table id='summary'><thead><tr><th>Class</th><th>Method</th><th>Start</th><th>Time (ms)</th></tr></thead><tbody><tr><th colspan="4">Suite</th></tr></tbody><tbody id="t0"><tr><th colspan="4">Test &#8212; failed</th></tr><tr class="failedeven"><td rowspan="1">testcases.VerifySearchFuntioanlityOnHomePage</td><td><a href="#m0">FailedTestcase_matchingSearchedProduct</a></td><td rowspan="1">1696742429954</td><td rowspan="1">10747</td></tr><tr class="failedodd"><td rowspan="1">testcases.VerifyUserCanNavigateToTermsAndConditionsPage</td><td><a href="#m1">NavigateToTermsAndConditionsPage</a></td><td rowspan="1">1696742489050</td><td rowspan="1">11593</td></tr><tr><th colspan="4">Test &#8212; passed</th></tr><tr class="passedeven"><td rowspan="1">testcases.VerifyAddToCartFuntionality</td><td><a href="#m2">AddToCart</a></td><td rowspan="1">1696742456856</td><td rowspan="1">974</td></tr><tr class="passedodd"><td rowspan="2">testcases.VerifyMultipleItemOrderType</td><td><a href="#m3">VerifyMultiLIneOrder</a></td><td rowspan="1">1696742516194</td><td rowspan="1">1878</td></tr><tr class="passedodd"><td><a href="#m4">VerifyMultiLineMultiQtyOrder</a></td><td rowspan="1">1696742522027</td><td rowspan="1">2460</td></tr><tr class="passedeven"><td rowspan="2">testcases.VerifyOrderCannotBePlacedWithoutSelectingTermsAndConditions</td><td><a href="#m5">FailingTestCase_notSelectTermsAndCondition</a></td><td rowspan="1">1696742474744</td><td rowspan="1">2602</td></tr><tr class="passedeven"><td><a href="#m6">selectTermsAndCondition</a></td><td rowspan="1">1696742481891</td><td rowspan="1">2896</td></tr><tr class="passedodd"><td rowspan="1">testcases.VerifyProductDetailsInCheckoutPage</td><td><a href="#m7">checkoutPage</a></td><td rowspan="1">1696742467595</td><td rowspan="1">2105</td></tr><tr class="passedeven"><td rowspan="1">testcases.VerifyProductDetailsInMiniBasket</td><td><a href="#m8">checkDetailsInMiniBasket</a></td><td rowspan="1">1696742461763</td><td rowspan="1">899</td></tr><tr class="passedodd"><td rowspan="1">testcases.VerifyProductImagePriceAndAddToCartButtonAreDisplayedForEachProduct</td><td><a href="#m9">verifyAllElements</a></td><td rowspan="1">1696742451465</td><td rowspan="1">1053</td></tr><tr class="passedeven"><td rowspan="1">testcases.VerifyProductsAreDisplayedOnTheHomePage</td><td><a href="#m10">imageAreDisplayedOrNot</a></td><td rowspan="1">1696742424687</td><td rowspan="1">162</td></tr><tr class="passedodd"><td rowspan="1">testcases.VerifySearchFuntioanlityOnHomePage</td><td><a href="#m11">matchingSearchedProduct</a></td><td rowspan="1">1696742445499</td><td rowspan="1">1209</td></tr><tr class="passedeven"><td rowspan="2">testcases.VerifySingleItemOrderType</td><td><a href="#m12">VerifySingleLineMultiQtyOrder</a></td><td rowspan="1">1696742504688</td><td rowspan="1">2036</td></tr><tr class="passedeven"><td><a href="#m13">VerifySingleLineOrder</a></td><td rowspan="1">1696742510459</td><td rowspan="1">1780</td></tr></tbody>
</table>
<h2>Test</h2><h3 id="m0">testcases.VerifySearchFuntioanlityOnHomePage#FailedTestcase_matchingSearchedProduct</h3><table class="result"><tr><th>Exception</th></tr><tr><td><div class="stacktrace">org.openqa.selenium.NoSuchElementException: no such element: Unable to locate element: {&quot;method&quot;:&quot;xpath&quot;,&quot;selector&quot;:&quot;//h4[text()=&apos;Cucumber - 1 Kg&apos;]&quot;}
  (Session info: chrome=117.0.5938.134)
For documentation on this error, please visit: https://www.selenium.dev/documentation/webdriver/troubleshooting/errors#no-such-element-exception
Build info: version: &apos;4.11.0&apos;, revision: &apos;040bc5406b&apos;
System info: os.name: &apos;Windows 11&apos;, os.arch: &apos;amd64&apos;, os.version: &apos;10.0&apos;, java.version: &apos;17.0.2&apos;
Driver info: org.openqa.selenium.chrome.ChromeDriver
Command: [2f4baaa1c2e99a030edc6ac657ac88e3, findElement {using=xpath, value=//h4[text()=&apos;Cucumber - 1 Kg&apos;]}]
Capabilities {acceptInsecureCerts: false, browserName: chrome, browserVersion: 117.0.5938.134, chrome: {chromedriverVersion: 117.0.5938.149 (e3344ddefa1..., userDataDir: C:\Users\Kumar\AppData\Loca...}, fedcm:accounts: true, goog:chromeOptions: {debuggerAddress: localhost:53592}, networkConnectionEnabled: false, pageLoadStrategy: normal, platformName: windows, proxy: Proxy(), se:cdp: ws://localhost:53592/devtoo..., se:cdpVersion: 117.0.5938.134, setWindowRect: true, strictFileInteractability: false, timeouts: {implicit: 0, pageLoad: 300000, script: 30000}, unhandledPromptBehavior: dismiss and notify, webauthn:extension:credBlob: true, webauthn:extension:largeBlob: true, webauthn:extension:minPinLength: true, webauthn:extension:prf: true, webauthn:virtualAuthenticators: true}
Session ID: 2f4baaa1c2e99a030edc6ac657ac88e3
	at org.openqa.selenium.remote.codec.w3c.W3CHttpResponseCodec.createException(W3CHttpResponseCodec.java:200)
	at org.openqa.selenium.remote.codec.w3c.W3CHttpResponseCodec.decode(W3CHttpResponseCodec.java:133)
	at org.openqa.selenium.remote.codec.w3c.W3CHttpResponseCodec.decode(W3CHttpResponseCodec.java:52)
	at org.openqa.selenium.remote.HttpCommandExecutor.execute(HttpCommandExecutor.java:191)
	at org.openqa.selenium.remote.service.DriverCommandExecutor.invokeExecute(DriverCommandExecutor.java:196)
	at org.openqa.selenium.remote.service.DriverCommandExecutor.execute(DriverCommandExecutor.java:171)
	at org.openqa.selenium.remote.RemoteWebDriver.execute(RemoteWebDriver.java:518)
	at org.openqa.selenium.remote.ElementLocation$ElementFinder$2.findElement(ElementLocation.java:165)
	at org.openqa.selenium.remote.ElementLocation.findElement(ElementLocation.java:59)
	at org.openqa.selenium.remote.RemoteWebDriver.findElement(RemoteWebDriver.java:355)
	at org.openqa.selenium.remote.RemoteWebDriver.findElement(RemoteWebDriver.java:349)
	at org.openqa.selenium.support.pagefactory.DefaultElementLocator.findElement(DefaultElementLocator.java:68)
	at org.openqa.selenium.support.pagefactory.internal.LocatingElementHandler.invoke(LocatingElementHandler.java:38)
	at jdk.proxy2/jdk.proxy2.$Proxy28.getText(Unknown Source)
	at Pages.HomePage.dispalyCucumberText(HomePage.java:86)
	at Pages.HomePage.isTextContains(HomePage.java:175)
	at testcases.VerifySearchFuntioanlityOnHomePage.FailedTestcase_matchingSearchedProduct(VerifySearchFuntioanlityOnHomePage.java:50)
	at java.base/java.util.ArrayList.forEach(ArrayList.java:1511)
... Removed 36 stack frames</div></td></tr></table><p class="totop"><a href="#summary">back to summary</a></p>
<h3 id="m1">testcases.VerifyUserCanNavigateToTermsAndConditionsPage#NavigateToTermsAndConditionsPage</h3><table class="result"><tr><th>Exception</th></tr><tr><td><div class="stacktrace">org.openqa.selenium.NoSuchElementException: no such element: Unable to locate element: {&quot;method&quot;:&quot;xpath&quot;,&quot;selector&quot;:&quot;//a[contains(text(),&apos;Terms &amp; Conditions&apos;)]&quot;}
  (Session info: chrome=117.0.5938.134)
For documentation on this error, please visit: https://www.selenium.dev/documentation/webdriver/troubleshooting/errors#no-such-element-exception
Build info: version: &apos;4.11.0&apos;, revision: &apos;040bc5406b&apos;
System info: os.name: &apos;Windows 11&apos;, os.arch: &apos;amd64&apos;, os.version: &apos;10.0&apos;, java.version: &apos;17.0.2&apos;
Driver info: org.openqa.selenium.chrome.ChromeDriver
Command: [39cab8739cb45e794de9a5dc6961901c, findElement {using=xpath, value=//a[contains(text(),&apos;Terms &amp; Conditions&apos;)]}]
Capabilities {acceptInsecureCerts: false, browserName: chrome, browserVersion: 117.0.5938.134, chrome: {chromedriverVersion: 117.0.5938.149 (e3344ddefa1..., userDataDir: C:\Users\Kumar\AppData\Loca...}, fedcm:accounts: true, goog:chromeOptions: {debuggerAddress: localhost:53822}, networkConnectionEnabled: false, pageLoadStrategy: normal, platformName: windows, proxy: Proxy(), se:cdp: ws://localhost:53822/devtoo..., se:cdpVersion: 117.0.5938.134, setWindowRect: true, strictFileInteractability: false, timeouts: {implicit: 0, pageLoad: 300000, script: 30000}, unhandledPromptBehavior: dismiss and notify, webauthn:extension:credBlob: true, webauthn:extension:largeBlob: true, webauthn:extension:minPinLength: true, webauthn:extension:prf: true, webauthn:virtualAuthenticators: true}
Session ID: 39cab8739cb45e794de9a5dc6961901c
	at org.openqa.selenium.remote.codec.w3c.W3CHttpResponseCodec.createException(W3CHttpResponseCodec.java:200)
	at org.openqa.selenium.remote.codec.w3c.W3CHttpResponseCodec.decode(W3CHttpResponseCodec.java:133)
	at org.openqa.selenium.remote.codec.w3c.W3CHttpResponseCodec.decode(W3CHttpResponseCodec.java:52)
	at org.openqa.selenium.remote.HttpCommandExecutor.execute(HttpCommandExecutor.java:191)
	at org.openqa.selenium.remote.service.DriverCommandExecutor.invokeExecute(DriverCommandExecutor.java:196)
	at org.openqa.selenium.remote.service.DriverCommandExecutor.execute(DriverCommandExecutor.java:171)
	at org.openqa.selenium.remote.RemoteWebDriver.execute(RemoteWebDriver.java:518)
	at org.openqa.selenium.remote.ElementLocation$ElementFinder$2.findElement(ElementLocation.java:165)
	at org.openqa.selenium.remote.ElementLocation.findElement(ElementLocation.java:59)
	at org.openqa.selenium.remote.RemoteWebDriver.findElement(RemoteWebDriver.java:355)
	at org.openqa.selenium.remote.RemoteWebDriver.findElement(RemoteWebDriver.java:349)
	at org.openqa.selenium.support.pagefactory.DefaultElementLocator.findElement(DefaultElementLocator.java:68)
	at org.openqa.selenium.support.pagefactory.internal.LocatingElementHandler.invoke(LocatingElementHandler.java:38)
	at jdk.proxy2/jdk.proxy2.$Proxy28.click(Unknown Source)
	at Pages.finalCheckOutPage.cilckTermsAndCondition(finalCheckOutPage.java:61)
	at testcases.VerifyUserCanNavigateToTermsAndConditionsPage.NavigateToTermsAndConditionsPage(VerifyUserCanNavigateToTermsAndConditionsPage.java:41)
	at java.base/java.util.ArrayList.forEach(ArrayList.java:1511)
... Removed 36 stack frames</div></td></tr></table><p class="totop"><a href="#summary">back to summary</a></p>
<h3 id="m2">testcases.VerifyAddToCartFuntionality#AddToCart</h3><table class="result"><tr><th class="invisible"/></tr></table><p class="totop"><a href="#summary">back to summary</a></p>
<h3 id="m3">testcases.VerifyMultipleItemOrderType#VerifyMultiLIneOrder</h3><table class="result"><tr><th class="invisible"/></tr></table><p class="totop"><a href="#summary">back to summary</a></p>
<h3 id="m4">testcases.VerifyMultipleItemOrderType#VerifyMultiLineMultiQtyOrder</h3><table class="result"><tr><th class="invisible"/></tr></table><p class="totop"><a href="#summary">back to summary</a></p>
<h3 id="m5">testcases.VerifyOrderCannotBePlacedWithoutSelectingTermsAndConditions#FailingTestCase_notSelectTermsAndCondition</h3><table class="result"><tr><th class="invisible"/></tr></table><p class="totop"><a href="#summary">back to summary</a></p>
<h3 id="m6">testcases.VerifyOrderCannotBePlacedWithoutSelectingTermsAndConditions#selectTermsAndCondition</h3><table class="result"><tr><th class="invisible"/></tr></table><p class="totop"><a href="#summary">back to summary</a></p>
<h3 id="m7">testcases.VerifyProductDetailsInCheckoutPage#checkoutPage</h3><table class="result"><tr><th class="invisible"/></tr></table><p class="totop"><a href="#summary">back to summary</a></p>
<h3 id="m8">testcases.VerifyProductDetailsInMiniBasket#checkDetailsInMiniBasket</h3><table class="result"><tr><th class="invisible"/></tr></table><p class="totop"><a href="#summary">back to summary</a></p>
<h3 id="m9">testcases.VerifyProductImagePriceAndAddToCartButtonAreDisplayedForEachProduct#verifyAllElements</h3><table class="result"><tr><th class="invisible"/></tr></table><p class="totop"><a href="#summary">back to summary</a></p>
<h3 id="m10">testcases.VerifyProductsAreDisplayedOnTheHomePage#imageAreDisplayedOrNot</h3><table class="result"><tr><th class="invisible"/></tr></table><p class="totop"><a href="#summary">back to summary</a></p>
<h3 id="m11">testcases.VerifySearchFuntioanlityOnHomePage#matchingSearchedProduct</h3><table class="result"><tr><th class="invisible"/></tr></table><p class="totop"><a href="#summary">back to summary</a></p>
<h3 id="m12">testcases.VerifySingleItemOrderType#VerifySingleLineMultiQtyOrder</h3><table class="result"><tr><th class="invisible"/></tr></table><p class="totop"><a href="#summary">back to summary</a></p>
<h3 id="m13">testcases.VerifySingleItemOrderType#VerifySingleLineOrder</h3><table class="result"><tr><th class="invisible"/></tr></table><p class="totop"><a href="#summary">back to summary</a></p>
</body>
</html>
