<?xml version="1.0" encoding="UTF-8"?>
<testng-results ignored="0" total="14" passed="12" failed="2" skipped="0">
  <reporter-output>
  </reporter-output>
  <suite started-at="2023-10-08T10:50:11 IST" name="Suite" finished-at="2023-10-08T10:52:04 IST" duration-ms="113171">
    <groups>
    </groups>
    <test started-at="2023-10-08T10:50:11 IST" name="Test" finished-at="2023-10-08T10:52:04 IST" duration-ms="113171">
      <class name="testcases.VerifyProductsAreDisplayedOnTheHomePage">
        <test-method is-config="true" signature="setUp(java.lang.reflect.Method)[pri:0, instance:testcases.VerifyProductsAreDisplayedOnTheHomePage@6f2cb653]" started-at="2023-10-08T10:50:11 IST" name="setUp" finished-at="2023-10-08T10:50:24 IST" duration-ms="12859" status="PASS">
          <params>
            <param index="0">
              <value>
                <![CDATA[public void testcases.VerifyProductsAreDisplayedOnTheHomePage.imageAreDisplayedOrNot()]]>
              </value>
            </param>
          </params>
          <reporter-output>
          </reporter-output>
        </test-method> <!-- setUp -->
        <test-method signature="imageAreDisplayedOrNot()[pri:0, instance:testcases.VerifyProductsAreDisplayedOnTheHomePage@6f2cb653]" started-at="2023-10-08T10:50:24 IST" name="imageAreDisplayedOrNot" finished-at="2023-10-08T10:50:24 IST" duration-ms="162" status="PASS">
          <reporter-output>
          </reporter-output>
        </test-method> <!-- imageAreDisplayedOrNot -->
        <test-method is-config="true" signature="testStatus(org.testng.ITestResult)[pri:0, instance:testcases.VerifyProductsAreDisplayedOnTheHomePage@6f2cb653]" started-at="2023-10-08T10:50:24 IST" name="testStatus" finished-at="2023-10-08T10:50:25 IST" duration-ms="1026" status="PASS">
          <params>
            <param index="0">
              <value>
                <![CDATA[[TestResult name=imageAreDisplayedOrNot status=SUCCESS method=VerifyProductsAreDisplayedOnTheHomePage.imageAreDisplayedOrNot()[pri:0, instance:testcases.VerifyProductsAreDisplayedOnTheHomePage@6f2cb653] output={null}]]]>
              </value>
            </param>
          </params>
          <reporter-output>
          </reporter-output>
        </test-method> <!-- testStatus -->
      </class> <!-- testcases.VerifyProductsAreDisplayedOnTheHomePage -->
      <class name="testcases.VerifyProductDetailsInMiniBasket">
        <test-method is-config="true" signature="setUp(java.lang.reflect.Method)[pri:0, instance:testcases.VerifyProductDetailsInMiniBasket@61884cb1]" started-at="2023-10-08T10:50:58 IST" name="setUp" finished-at="2023-10-08T10:51:01 IST" duration-ms="3514" status="PASS">
          <params>
            <param index="0">
              <value>
                <![CDATA[public void testcases.VerifyProductDetailsInMiniBasket.checkDetailsInMiniBasket()]]>
              </value>
            </param>
          </params>
          <reporter-output>
          </reporter-output>
        </test-method> <!-- setUp -->
        <test-method signature="checkDetailsInMiniBasket()[pri:0, instance:testcases.VerifyProductDetailsInMiniBasket@61884cb1]" started-at="2023-10-08T10:51:01 IST" name="checkDetailsInMiniBasket" finished-at="2023-10-08T10:51:02 IST" duration-ms="899" status="PASS">
          <reporter-output>
          </reporter-output>
        </test-method> <!-- checkDetailsInMiniBasket -->
        <test-method is-config="true" signature="testStatus(org.testng.ITestResult)[pri:0, instance:testcases.VerifyProductDetailsInMiniBasket@61884cb1]" started-at="2023-10-08T10:51:02 IST" name="testStatus" finished-at="2023-10-08T10:51:03 IST" duration-ms="346" status="PASS">
          <params>
            <param index="0">
              <value>
                <![CDATA[[TestResult name=checkDetailsInMiniBasket status=SUCCESS method=VerifyProductDetailsInMiniBasket.checkDetailsInMiniBasket()[pri:0, instance:testcases.VerifyProductDetailsInMiniBasket@61884cb1] output={null}]]]>
              </value>
            </param>
          </params>
          <reporter-output>
          </reporter-output>
        </test-method> <!-- testStatus -->
      </class> <!-- testcases.VerifyProductDetailsInMiniBasket -->
      <class name="testcases.VerifyProductImagePriceAndAddToCartButtonAreDisplayedForEachProduct">
        <test-method is-config="true" signature="setUp(java.lang.reflect.Method)[pri:0, instance:testcases.VerifyProductImagePriceAndAddToCartButtonAreDisplayedForEachProduct@590c73d3]" started-at="2023-10-08T10:50:47 IST" name="setUp" finished-at="2023-10-08T10:50:51 IST" duration-ms="4127" status="PASS">
          <params>
            <param index="0">
              <value>
                <![CDATA[public void testcases.VerifyProductImagePriceAndAddToCartButtonAreDisplayedForEachProduct.verifyAllElements()]]>
              </value>
            </param>
          </params>
          <reporter-output>
          </reporter-output>
        </test-method> <!-- setUp -->
        <test-method signature="verifyAllElements()[pri:0, instance:testcases.VerifyProductImagePriceAndAddToCartButtonAreDisplayedForEachProduct@590c73d3]" started-at="2023-10-08T10:50:51 IST" name="verifyAllElements" finished-at="2023-10-08T10:50:52 IST" duration-ms="1053" status="PASS">
          <reporter-output>
          </reporter-output>
        </test-method> <!-- verifyAllElements -->
        <test-method is-config="true" signature="testStatus(org.testng.ITestResult)[pri:0, instance:testcases.VerifyProductImagePriceAndAddToCartButtonAreDisplayedForEachProduct@590c73d3]" started-at="2023-10-08T10:50:52 IST" name="testStatus" finished-at="2023-10-08T10:50:52 IST" duration-ms="459" status="PASS">
          <params>
            <param index="0">
              <value>
                <![CDATA[[TestResult name=verifyAllElements status=SUCCESS method=VerifyProductImagePriceAndAddToCartButtonAreDisplayedForEachProduct.verifyAllElements()[pri:0, instance:testcases.VerifyProductImagePriceAndAddToCartButtonAreDisplayedForEachProduct@590c73d3] output={null}]]]>
              </value>
            </param>
          </params>
          <reporter-output>
          </reporter-output>
        </test-method> <!-- testStatus -->
      </class> <!-- testcases.VerifyProductImagePriceAndAddToCartButtonAreDisplayedForEachProduct -->
      <class name="testcases.VerifyMultipleItemOrderType">
        <test-method is-config="true" signature="setUp(java.lang.reflect.Method)[pri:0, instance:testcases.VerifyMultipleItemOrderType@79da1ec0]" started-at="2023-10-08T10:51:52 IST" name="setUp" finished-at="2023-10-08T10:51:56 IST" duration-ms="3515" status="PASS">
          <params>
            <param index="0">
              <value>
                <![CDATA[public void testcases.VerifyMultipleItemOrderType.VerifyMultiLIneOrder()]]>
              </value>
            </param>
          </params>
          <reporter-output>
          </reporter-output>
        </test-method> <!-- setUp -->
        <test-method signature="VerifyMultiLIneOrder()[pri:0, instance:testcases.VerifyMultipleItemOrderType@79da1ec0]" started-at="2023-10-08T10:51:56 IST" name="VerifyMultiLIneOrder" finished-at="2023-10-08T10:51:58 IST" duration-ms="1878" status="PASS">
          <reporter-output>
          </reporter-output>
        </test-method> <!-- VerifyMultiLIneOrder -->
        <test-method is-config="true" signature="testStatus(org.testng.ITestResult)[pri:0, instance:testcases.VerifyMultipleItemOrderType@79da1ec0]" started-at="2023-10-08T10:51:58 IST" name="testStatus" finished-at="2023-10-08T10:51:58 IST" duration-ms="551" status="PASS">
          <params>
            <param index="0">
              <value>
                <![CDATA[[TestResult name=VerifyMultiLIneOrder status=SUCCESS method=VerifyMultipleItemOrderType.VerifyMultiLIneOrder()[pri:0, instance:testcases.VerifyMultipleItemOrderType@79da1ec0] output={null}]]]>
              </value>
            </param>
          </params>
          <reporter-output>
          </reporter-output>
        </test-method> <!-- testStatus -->
        <test-method is-config="true" signature="setUp(java.lang.reflect.Method)[pri:0, instance:testcases.VerifyMultipleItemOrderType@79da1ec0]" started-at="2023-10-08T10:51:58 IST" name="setUp" finished-at="2023-10-08T10:52:02 IST" duration-ms="3404" status="PASS">
          <params>
            <param index="0">
              <value>
                <![CDATA[public void testcases.VerifyMultipleItemOrderType.VerifyMultiLineMultiQtyOrder()]]>
              </value>
            </param>
          </params>
          <reporter-output>
          </reporter-output>
        </test-method> <!-- setUp -->
        <test-method signature="VerifyMultiLineMultiQtyOrder()[pri:0, instance:testcases.VerifyMultipleItemOrderType@79da1ec0]" started-at="2023-10-08T10:52:02 IST" name="VerifyMultiLineMultiQtyOrder" finished-at="2023-10-08T10:52:04 IST" duration-ms="2460" status="PASS">
          <reporter-output>
          </reporter-output>
        </test-method> <!-- VerifyMultiLineMultiQtyOrder -->
        <test-method is-config="true" signature="testStatus(org.testng.ITestResult)[pri:0, instance:testcases.VerifyMultipleItemOrderType@79da1ec0]" started-at="2023-10-08T10:52:04 IST" name="testStatus" finished-at="2023-10-08T10:52:04 IST" duration-ms="468" status="PASS">
          <params>
            <param index="0">
              <value>
                <![CDATA[[TestResult name=VerifyMultiLineMultiQtyOrder status=SUCCESS method=VerifyMultipleItemOrderType.VerifyMultiLineMultiQtyOrder()[pri:0, instance:testcases.VerifyMultipleItemOrderType@79da1ec0] output={null}]]]>
              </value>
            </param>
          </params>
          <reporter-output>
          </reporter-output>
        </test-method> <!-- testStatus -->
      </class> <!-- testcases.VerifyMultipleItemOrderType -->
      <class name="testcases.VerifyUserCanNavigateToTermsAndConditionsPage">
        <test-method is-config="true" signature="setUp(java.lang.reflect.Method)[pri:0, instance:testcases.VerifyUserCanNavigateToTermsAndConditionsPage@435871cb]" started-at="2023-10-08T10:51:25 IST" name="setUp" finished-at="2023-10-08T10:51:29 IST" duration-ms="3734" status="PASS">
          <params>
            <param index="0">
              <value>
                <![CDATA[public void testcases.VerifyUserCanNavigateToTermsAndConditionsPage.NavigateToTermsAndConditionsPage()]]>
              </value>
            </param>
          </params>
          <reporter-output>
          </reporter-output>
        </test-method> <!-- setUp -->
        <test-method signature="NavigateToTermsAndConditionsPage()[pri:0, instance:testcases.VerifyUserCanNavigateToTermsAndConditionsPage@435871cb]" started-at="2023-10-08T10:51:29 IST" name="NavigateToTermsAndConditionsPage" finished-at="2023-10-08T10:51:40 IST" duration-ms="11593" status="FAIL">
          <exception class="org.openqa.selenium.NoSuchElementException">
            <message>
              <![CDATA[no such element: Unable to locate element: {"method":"xpath","selector":"//a[contains(text(),'Terms & Conditions')]"}
  (Session info: chrome=117.0.5938.134)
For documentation on this error, please visit: https://www.selenium.dev/documentation/webdriver/troubleshooting/errors#no-such-element-exception
Build info: version: '4.11.0', revision: '040bc5406b'
System info: os.name: 'Windows 11', os.arch: 'amd64', os.version: '10.0', java.version: '17.0.2'
Driver info: org.openqa.selenium.chrome.ChromeDriver
Command: [39cab8739cb45e794de9a5dc6961901c, findElement {using=xpath, value=//a[contains(text(),'Terms & Conditions')]}]
Capabilities {acceptInsecureCerts: false, browserName: chrome, browserVersion: 117.0.5938.134, chrome: {chromedriverVersion: 117.0.5938.149 (e3344ddefa1..., userDataDir: C:\Users\Kumar\AppData\Loca...}, fedcm:accounts: true, goog:chromeOptions: {debuggerAddress: localhost:53822}, networkConnectionEnabled: false, pageLoadStrategy: normal, platformName: windows, proxy: Proxy(), se:cdp: ws://localhost:53822/devtoo..., se:cdpVersion: 117.0.5938.134, setWindowRect: true, strictFileInteractability: false, timeouts: {implicit: 0, pageLoad: 300000, script: 30000}, unhandledPromptBehavior: dismiss and notify, webauthn:extension:credBlob: true, webauthn:extension:largeBlob: true, webauthn:extension:minPinLength: true, webauthn:extension:prf: true, webauthn:virtualAuthenticators: true}
Session ID: 39cab8739cb45e794de9a5dc6961901c]]>
            </message>
            <full-stacktrace>
              <![CDATA[org.openqa.selenium.NoSuchElementException: no such element: Unable to locate element: {"method":"xpath","selector":"//a[contains(text(),'Terms & Conditions')]"}
  (Session info: chrome=117.0.5938.134)
For documentation on this error, please visit: https://www.selenium.dev/documentation/webdriver/troubleshooting/errors#no-such-element-exception
Build info: version: '4.11.0', revision: '040bc5406b'
System info: os.name: 'Windows 11', os.arch: 'amd64', os.version: '10.0', java.version: '17.0.2'
Driver info: org.openqa.selenium.chrome.ChromeDriver
Command: [39cab8739cb45e794de9a5dc6961901c, findElement {using=xpath, value=//a[contains(text(),'Terms & Conditions')]}]
Capabilities {acceptInsecureCerts: false, browserName: chrome, browserVersion: 117.0.5938.134, chrome: {chromedriverVersion: 117.0.5938.149 (e3344ddefa1..., userDataDir: C:\Users\Kumar\AppData\Loca...}, fedcm:accounts: true, goog:chromeOptions: {debuggerAddress: localhost:53822}, networkConnectionEnabled: false, pageLoadStrategy: normal, platformName: windows, proxy: Proxy(), se:cdp: ws://localhost:53822/devtoo..., se:cdpVersion: 117.0.5938.134, setWindowRect: true, strictFileInteractability: false, timeouts: {implicit: 0, pageLoad: 300000, script: 30000}, unhandledPromptBehavior: dismiss and notify, webauthn:extension:credBlob: true, webauthn:extension:largeBlob: true, webauthn:extension:minPinLength: true, webauthn:extension:prf: true, webauthn:virtualAuthenticators: true}
Session ID: 39cab8739cb45e794de9a5dc6961901c
at java.base/jdk.internal.reflect.NativeConstructorAccessorImpl.newInstance0(Native Method)
at java.base/jdk.internal.reflect.NativeConstructorAccessorImpl.newInstance(NativeConstructorAccessorImpl.java:77)
at java.base/jdk.internal.reflect.DelegatingConstructorAccessorImpl.newInstance(DelegatingConstructorAccessorImpl.java:45)
at java.base/java.lang.reflect.Constructor.newInstanceWithCaller(Constructor.java:499)
at java.base/java.lang.reflect.Constructor.newInstance(Constructor.java:480)
at org.openqa.selenium.remote.codec.w3c.W3CHttpResponseCodec.createException(W3CHttpResponseCodec.java:200)
at org.openqa.selenium.remote.codec.w3c.W3CHttpResponseCodec.decode(W3CHttpResponseCodec.java:133)
at org.openqa.selenium.remote.codec.w3c.W3CHttpResponseCodec.decode(W3CHttpResponseCodec.java:52)
at org.openqa.selenium.remote.HttpCommandExecutor.execute(HttpCommandExecutor.java:191)
at org.openqa.selenium.remote.service.DriverCommandExecutor.invokeExecute(DriverCommandExecutor.java:196)
at org.openqa.selenium.remote.service.DriverCommandExecutor.execute(DriverCommandExecutor.java:171)
at org.openqa.selenium.remote.RemoteWebDriver.execute(RemoteWebDriver.java:518)
at org.openqa.selenium.remote.ElementLocation$ElementFinder$2.findElement(ElementLocation.java:165)
at org.openqa.selenium.remote.ElementLocation.findElement(ElementLocation.java:59)
at org.openqa.selenium.remote.RemoteWebDriver.findElement(RemoteWebDriver.java:355)
at org.openqa.selenium.remote.RemoteWebDriver.findElement(RemoteWebDriver.java:349)
at org.openqa.selenium.support.pagefactory.DefaultElementLocator.findElement(DefaultElementLocator.java:68)
at org.openqa.selenium.support.pagefactory.internal.LocatingElementHandler.invoke(LocatingElementHandler.java:38)
at jdk.proxy2/jdk.proxy2.$Proxy28.click(Unknown Source)
at Pages.finalCheckOutPage.cilckTermsAndCondition(finalCheckOutPage.java:61)
at testcases.VerifyUserCanNavigateToTermsAndConditionsPage.NavigateToTermsAndConditionsPage(VerifyUserCanNavigateToTermsAndConditionsPage.java:41)
at java.base/jdk.internal.reflect.NativeMethodAccessorImpl.invoke0(Native Method)
at java.base/jdk.internal.reflect.NativeMethodAccessorImpl.invoke(NativeMethodAccessorImpl.java:77)
at java.base/jdk.internal.reflect.DelegatingMethodAccessorImpl.invoke(DelegatingMethodAccessorImpl.java:43)
at java.base/java.lang.reflect.Method.invoke(Method.java:568)
at org.testng.internal.MethodInvocationHelper.invokeMethod(MethodInvocationHelper.java:134)
at org.testng.internal.TestInvoker.invokeMethod(TestInvoker.java:597)
at org.testng.internal.TestInvoker.invokeTestMethod(TestInvoker.java:173)
at org.testng.internal.MethodRunner.runInSequence(MethodRunner.java:46)
at org.testng.internal.TestInvoker$MethodInvocationAgent.invoke(TestInvoker.java:816)
at org.testng.internal.TestInvoker.invokeTestMethods(TestInvoker.java:146)
at org.testng.internal.TestMethodWorker.invokeTestMethods(TestMethodWorker.java:146)
at org.testng.internal.TestMethodWorker.run(TestMethodWorker.java:128)
at java.base/java.util.ArrayList.forEach(ArrayList.java:1511)
at org.testng.TestRunner.privateRun(TestRunner.java:766)
at org.testng.TestRunner.run(TestRunner.java:587)
at org.testng.SuiteRunner.runTest(SuiteRunner.java:384)
at org.testng.SuiteRunner.runSequentially(SuiteRunner.java:378)
at org.testng.SuiteRunner.privateRun(SuiteRunner.java:337)
at org.testng.SuiteRunner.run(SuiteRunner.java:286)
at org.testng.SuiteRunnerWorker.runSuite(SuiteRunnerWorker.java:53)
at org.testng.SuiteRunnerWorker.run(SuiteRunnerWorker.java:96)
at org.testng.TestNG.runSuitesSequentially(TestNG.java:1187)
at org.testng.TestNG.runSuitesLocally(TestNG.java:1109)
at org.testng.TestNG.runSuites(TestNG.java:1039)
at org.testng.TestNG.run(TestNG.java:1007)
at org.apache.maven.surefire.testng.TestNGExecutor.run(TestNGExecutor.java:284)
at org.apache.maven.surefire.testng.TestNGXmlTestSuite.execute(TestNGXmlTestSuite.java:75)
at org.apache.maven.surefire.testng.TestNGProvider.invoke(TestNGProvider.java:119)
at org.apache.maven.surefire.booter.ForkedBooter.runSuitesInProcess(ForkedBooter.java:428)
at org.apache.maven.surefire.booter.ForkedBooter.execute(ForkedBooter.java:162)
at org.apache.maven.surefire.booter.ForkedBooter.run(ForkedBooter.java:562)
at org.apache.maven.surefire.booter.ForkedBooter.main(ForkedBooter.java:548)
]]>
            </full-stacktrace>
          </exception> <!-- org.openqa.selenium.NoSuchElementException -->
          <reporter-output>
          </reporter-output>
        </test-method> <!-- NavigateToTermsAndConditionsPage -->
        <test-method is-config="true" signature="testStatus(org.testng.ITestResult)[pri:0, instance:testcases.VerifyUserCanNavigateToTermsAndConditionsPage@435871cb]" started-at="2023-10-08T10:51:40 IST" name="testStatus" finished-at="2023-10-08T10:51:41 IST" duration-ms="538" status="PASS">
          <params>
            <param index="0">
              <value>
                <![CDATA[[TestResult name=NavigateToTermsAndConditionsPage status=FAILURE method=VerifyUserCanNavigateToTermsAndConditionsPage.NavigateToTermsAndConditionsPage()[pri:0, instance:testcases.VerifyUserCanNavigateToTermsAndConditionsPage@435871cb] output={null}]]]>
              </value>
            </param>
          </params>
          <reporter-output>
          </reporter-output>
        </test-method> <!-- testStatus -->
      </class> <!-- testcases.VerifyUserCanNavigateToTermsAndConditionsPage -->
      <class name="testcases.VerifyOrderCannotBePlacedWithoutSelectingTermsAndConditions">
        <test-method is-config="true" signature="setUp(java.lang.reflect.Method)[pri:0, instance:testcases.VerifyOrderCannotBePlacedWithoutSelectingTermsAndConditions@4fc5e095]" started-at="2023-10-08T10:51:10 IST" name="setUp" finished-at="2023-10-08T10:51:14 IST" duration-ms="4362" status="PASS">
          <params>
            <param index="0">
              <value>
                <![CDATA[public void testcases.VerifyOrderCannotBePlacedWithoutSelectingTermsAndConditions.FailingTestCase_notSelectTermsAndCondition() throws java.lang.InterruptedException]]>
              </value>
            </param>
          </params>
          <reporter-output>
          </reporter-output>
        </test-method> <!-- setUp -->
        <test-method signature="FailingTestCase_notSelectTermsAndCondition()[pri:0, instance:testcases.VerifyOrderCannotBePlacedWithoutSelectingTermsAndConditions@4fc5e095]" started-at="2023-10-08T10:51:14 IST" name="FailingTestCase_notSelectTermsAndCondition" finished-at="2023-10-08T10:51:17 IST" duration-ms="2602" status="PASS">
          <reporter-output>
          </reporter-output>
        </test-method> <!-- FailingTestCase_notSelectTermsAndCondition -->
        <test-method is-config="true" signature="testStatus(org.testng.ITestResult)[pri:0, instance:testcases.VerifyOrderCannotBePlacedWithoutSelectingTermsAndConditions@4fc5e095]" started-at="2023-10-08T10:51:17 IST" name="testStatus" finished-at="2023-10-08T10:51:17 IST" duration-ms="510" status="PASS">
          <params>
            <param index="0">
              <value>
                <![CDATA[[TestResult name=FailingTestCase_notSelectTermsAndCondition status=SUCCESS method=VerifyOrderCannotBePlacedWithoutSelectingTermsAndConditions.FailingTestCase_notSelectTermsAndCondition()[pri:0, instance:testcases.VerifyOrderCannotBePlacedWithoutSelectingTermsAndConditions@4fc5e095] output={null}]]]>
              </value>
            </param>
          </params>
          <reporter-output>
          </reporter-output>
        </test-method> <!-- testStatus -->
        <test-method is-config="true" signature="setUp(java.lang.reflect.Method)[pri:0, instance:testcases.VerifyOrderCannotBePlacedWithoutSelectingTermsAndConditions@4fc5e095]" started-at="2023-10-08T10:51:17 IST" name="setUp" finished-at="2023-10-08T10:51:21 IST" duration-ms="4035" status="PASS">
          <params>
            <param index="0">
              <value>
                <![CDATA[public void testcases.VerifyOrderCannotBePlacedWithoutSelectingTermsAndConditions.selectTermsAndCondition() throws java.lang.InterruptedException]]>
              </value>
            </param>
          </params>
          <reporter-output>
          </reporter-output>
        </test-method> <!-- setUp -->
        <test-method signature="selectTermsAndCondition()[pri:0, instance:testcases.VerifyOrderCannotBePlacedWithoutSelectingTermsAndConditions@4fc5e095]" started-at="2023-10-08T10:51:21 IST" name="selectTermsAndCondition" finished-at="2023-10-08T10:51:24 IST" duration-ms="2896" status="PASS">
          <reporter-output>
          </reporter-output>
        </test-method> <!-- selectTermsAndCondition -->
        <test-method is-config="true" signature="testStatus(org.testng.ITestResult)[pri:0, instance:testcases.VerifyOrderCannotBePlacedWithoutSelectingTermsAndConditions@4fc5e095]" started-at="2023-10-08T10:51:24 IST" name="testStatus" finished-at="2023-10-08T10:51:25 IST" duration-ms="525" status="PASS">
          <params>
            <param index="0">
              <value>
                <![CDATA[[TestResult name=selectTermsAndCondition status=SUCCESS method=VerifyOrderCannotBePlacedWithoutSelectingTermsAndConditions.selectTermsAndCondition()[pri:0, instance:testcases.VerifyOrderCannotBePlacedWithoutSelectingTermsAndConditions@4fc5e095] output={null}]]]>
              </value>
            </param>
          </params>
          <reporter-output>
          </reporter-output>
        </test-method> <!-- testStatus -->
      </class> <!-- testcases.VerifyOrderCannotBePlacedWithoutSelectingTermsAndConditions -->
      <class name="testcases.VerifyAddToCartFuntionality">
        <test-method is-config="true" signature="setUp(java.lang.reflect.Method)[pri:0, instance:testcases.VerifyAddToCartFuntionality@6b9ce1bf]" started-at="2023-10-08T10:50:52 IST" name="setUp" finished-at="2023-10-08T10:50:56 IST" duration-ms="3879" status="PASS">
          <params>
            <param index="0">
              <value>
                <![CDATA[public void testcases.VerifyAddToCartFuntionality.AddToCart()]]>
              </value>
            </param>
          </params>
          <reporter-output>
          </reporter-output>
        </test-method> <!-- setUp -->
        <test-method signature="AddToCart()[pri:0, instance:testcases.VerifyAddToCartFuntionality@6b9ce1bf]" started-at="2023-10-08T10:50:56 IST" name="AddToCart" finished-at="2023-10-08T10:50:57 IST" duration-ms="974" status="PASS">
          <reporter-output>
          </reporter-output>
        </test-method> <!-- AddToCart -->
        <test-method is-config="true" signature="testStatus(org.testng.ITestResult)[pri:0, instance:testcases.VerifyAddToCartFuntionality@6b9ce1bf]" started-at="2023-10-08T10:50:57 IST" name="testStatus" finished-at="2023-10-08T10:50:58 IST" duration-ms="418" status="PASS">
          <params>
            <param index="0">
              <value>
                <![CDATA[[TestResult name=AddToCart status=SUCCESS method=VerifyAddToCartFuntionality.AddToCart()[pri:0, instance:testcases.VerifyAddToCartFuntionality@6b9ce1bf] output={null}]]]>
              </value>
            </param>
          </params>
          <reporter-output>
          </reporter-output>
        </test-method> <!-- testStatus -->
      </class> <!-- testcases.VerifyAddToCartFuntionality -->
      <class name="testcases.VerifyProductDetailsInCheckoutPage">
        <test-method is-config="true" signature="setUp(java.lang.reflect.Method)[pri:0, instance:testcases.VerifyProductDetailsInCheckoutPage@75ed9710]" started-at="2023-10-08T10:51:03 IST" name="setUp" finished-at="2023-10-08T10:51:07 IST" duration-ms="4587" status="PASS">
          <params>
            <param index="0">
              <value>
                <![CDATA[public void testcases.VerifyProductDetailsInCheckoutPage.checkoutPage()]]>
              </value>
            </param>
          </params>
          <reporter-output>
          </reporter-output>
        </test-method> <!-- setUp -->
        <test-method signature="checkoutPage()[pri:0, instance:testcases.VerifyProductDetailsInCheckoutPage@75ed9710]" started-at="2023-10-08T10:51:07 IST" name="checkoutPage" finished-at="2023-10-08T10:51:09 IST" duration-ms="2105" status="PASS">
          <reporter-output>
          </reporter-output>
        </test-method> <!-- checkoutPage -->
        <test-method is-config="true" signature="testStatus(org.testng.ITestResult)[pri:0, instance:testcases.VerifyProductDetailsInCheckoutPage@75ed9710]" started-at="2023-10-08T10:51:09 IST" name="testStatus" finished-at="2023-10-08T10:51:10 IST" duration-ms="682" status="PASS">
          <params>
            <param index="0">
              <value>
                <![CDATA[[TestResult name=checkoutPage status=SUCCESS method=VerifyProductDetailsInCheckoutPage.checkoutPage()[pri:0, instance:testcases.VerifyProductDetailsInCheckoutPage@75ed9710] output={null}]]]>
              </value>
            </param>
          </params>
          <reporter-output>
          </reporter-output>
        </test-method> <!-- testStatus -->
      </class> <!-- testcases.VerifyProductDetailsInCheckoutPage -->
      <class name="testcases.VerifySingleItemOrderType">
        <test-method is-config="true" signature="setUp(java.lang.reflect.Method)[pri:0, instance:testcases.VerifySingleItemOrderType@609640d5]" started-at="2023-10-08T10:51:41 IST" name="setUp" finished-at="2023-10-08T10:51:44 IST" duration-ms="3507" status="PASS">
          <params>
            <param index="0">
              <value>
                <![CDATA[public void testcases.VerifySingleItemOrderType.VerifySingleLineMultiQtyOrder()]]>
              </value>
            </param>
          </params>
          <reporter-output>
          </reporter-output>
        </test-method> <!-- setUp -->
        <test-method signature="VerifySingleLineMultiQtyOrder()[pri:0, instance:testcases.VerifySingleItemOrderType@609640d5]" started-at="2023-10-08T10:51:44 IST" name="VerifySingleLineMultiQtyOrder" finished-at="2023-10-08T10:51:46 IST" duration-ms="2036" status="PASS">
          <reporter-output>
          </reporter-output>
        </test-method> <!-- VerifySingleLineMultiQtyOrder -->
        <test-method is-config="true" signature="testStatus(org.testng.ITestResult)[pri:0, instance:testcases.VerifySingleItemOrderType@609640d5]" started-at="2023-10-08T10:51:46 IST" name="testStatus" finished-at="2023-10-08T10:51:47 IST" duration-ms="415" status="PASS">
          <params>
            <param index="0">
              <value>
                <![CDATA[[TestResult name=VerifySingleLineMultiQtyOrder status=SUCCESS method=VerifySingleItemOrderType.VerifySingleLineMultiQtyOrder()[pri:0, instance:testcases.VerifySingleItemOrderType@609640d5] output={null}]]]>
              </value>
            </param>
          </params>
          <reporter-output>
          </reporter-output>
        </test-method> <!-- testStatus -->
        <test-method is-config="true" signature="setUp(java.lang.reflect.Method)[pri:0, instance:testcases.VerifySingleItemOrderType@609640d5]" started-at="2023-10-08T10:51:47 IST" name="setUp" finished-at="2023-10-08T10:51:50 IST" duration-ms="3320" status="PASS">
          <params>
            <param index="0">
              <value>
                <![CDATA[public void testcases.VerifySingleItemOrderType.VerifySingleLineOrder()]]>
              </value>
            </param>
          </params>
          <reporter-output>
          </reporter-output>
        </test-method> <!-- setUp -->
        <test-method signature="VerifySingleLineOrder()[pri:0, instance:testcases.VerifySingleItemOrderType@609640d5]" started-at="2023-10-08T10:51:50 IST" name="VerifySingleLineOrder" finished-at="2023-10-08T10:51:52 IST" duration-ms="1780" status="PASS">
          <reporter-output>
          </reporter-output>
        </test-method> <!-- VerifySingleLineOrder -->
        <test-method is-config="true" signature="testStatus(org.testng.ITestResult)[pri:0, instance:testcases.VerifySingleItemOrderType@609640d5]" started-at="2023-10-08T10:51:52 IST" name="testStatus" finished-at="2023-10-08T10:51:52 IST" duration-ms="440" status="PASS">
          <params>
            <param index="0">
              <value>
                <![CDATA[[TestResult name=VerifySingleLineOrder status=SUCCESS method=VerifySingleItemOrderType.VerifySingleLineOrder()[pri:0, instance:testcases.VerifySingleItemOrderType@609640d5] output={null}]]]>
              </value>
            </param>
          </params>
          <reporter-output>
          </reporter-output>
        </test-method> <!-- testStatus -->
      </class> <!-- testcases.VerifySingleItemOrderType -->
      <class name="testcases.VerifySearchFuntioanlityOnHomePage">
        <test-method is-config="true" signature="setUp(java.lang.reflect.Method)[pri:0, instance:testcases.VerifySearchFuntioanlityOnHomePage@14c01636]" started-at="2023-10-08T10:50:25 IST" name="setUp" finished-at="2023-10-08T10:50:29 IST" duration-ms="4071" status="PASS">
          <params>
            <param index="0">
              <value>
                <![CDATA[public void testcases.VerifySearchFuntioanlityOnHomePage.FailedTestcase_matchingSearchedProduct()]]>
              </value>
            </param>
          </params>
          <reporter-output>
          </reporter-output>
        </test-method> <!-- setUp -->
        <test-method signature="FailedTestcase_matchingSearchedProduct()[pri:0, instance:testcases.VerifySearchFuntioanlityOnHomePage@14c01636]" started-at="2023-10-08T10:50:29 IST" name="FailedTestcase_matchingSearchedProduct" finished-at="2023-10-08T10:50:40 IST" duration-ms="10747" status="FAIL">
          <exception class="org.openqa.selenium.NoSuchElementException">
            <message>
              <![CDATA[no such element: Unable to locate element: {"method":"xpath","selector":"//h4[text()='Cucumber - 1 Kg']"}
  (Session info: chrome=117.0.5938.134)
For documentation on this error, please visit: https://www.selenium.dev/documentation/webdriver/troubleshooting/errors#no-such-element-exception
Build info: version: '4.11.0', revision: '040bc5406b'
System info: os.name: 'Windows 11', os.arch: 'amd64', os.version: '10.0', java.version: '17.0.2'
Driver info: org.openqa.selenium.chrome.ChromeDriver
Command: [2f4baaa1c2e99a030edc6ac657ac88e3, findElement {using=xpath, value=//h4[text()='Cucumber - 1 Kg']}]
Capabilities {acceptInsecureCerts: false, browserName: chrome, browserVersion: 117.0.5938.134, chrome: {chromedriverVersion: 117.0.5938.149 (e3344ddefa1..., userDataDir: C:\Users\Kumar\AppData\Loca...}, fedcm:accounts: true, goog:chromeOptions: {debuggerAddress: localhost:53592}, networkConnectionEnabled: false, pageLoadStrategy: normal, platformName: windows, proxy: Proxy(), se:cdp: ws://localhost:53592/devtoo..., se:cdpVersion: 117.0.5938.134, setWindowRect: true, strictFileInteractability: false, timeouts: {implicit: 0, pageLoad: 300000, script: 30000}, unhandledPromptBehavior: dismiss and notify, webauthn:extension:credBlob: true, webauthn:extension:largeBlob: true, webauthn:extension:minPinLength: true, webauthn:extension:prf: true, webauthn:virtualAuthenticators: true}
Session ID: 2f4baaa1c2e99a030edc6ac657ac88e3]]>
            </message>
            <full-stacktrace>
              <![CDATA[org.openqa.selenium.NoSuchElementException: no such element: Unable to locate element: {"method":"xpath","selector":"//h4[text()='Cucumber - 1 Kg']"}
  (Session info: chrome=117.0.5938.134)
For documentation on this error, please visit: https://www.selenium.dev/documentation/webdriver/troubleshooting/errors#no-such-element-exception
Build info: version: '4.11.0', revision: '040bc5406b'
System info: os.name: 'Windows 11', os.arch: 'amd64', os.version: '10.0', java.version: '17.0.2'
Driver info: org.openqa.selenium.chrome.ChromeDriver
Command: [2f4baaa1c2e99a030edc6ac657ac88e3, findElement {using=xpath, value=//h4[text()='Cucumber - 1 Kg']}]
Capabilities {acceptInsecureCerts: false, browserName: chrome, browserVersion: 117.0.5938.134, chrome: {chromedriverVersion: 117.0.5938.149 (e3344ddefa1..., userDataDir: C:\Users\Kumar\AppData\Loca...}, fedcm:accounts: true, goog:chromeOptions: {debuggerAddress: localhost:53592}, networkConnectionEnabled: false, pageLoadStrategy: normal, platformName: windows, proxy: Proxy(), se:cdp: ws://localhost:53592/devtoo..., se:cdpVersion: 117.0.5938.134, setWindowRect: true, strictFileInteractability: false, timeouts: {implicit: 0, pageLoad: 300000, script: 30000}, unhandledPromptBehavior: dismiss and notify, webauthn:extension:credBlob: true, webauthn:extension:largeBlob: true, webauthn:extension:minPinLength: true, webauthn:extension:prf: true, webauthn:virtualAuthenticators: true}
Session ID: 2f4baaa1c2e99a030edc6ac657ac88e3
at java.base/jdk.internal.reflect.NativeConstructorAccessorImpl.newInstance0(Native Method)
at java.base/jdk.internal.reflect.NativeConstructorAccessorImpl.newInstance(NativeConstructorAccessorImpl.java:77)
at java.base/jdk.internal.reflect.DelegatingConstructorAccessorImpl.newInstance(DelegatingConstructorAccessorImpl.java:45)
at java.base/java.lang.reflect.Constructor.newInstanceWithCaller(Constructor.java:499)
at java.base/java.lang.reflect.Constructor.newInstance(Constructor.java:480)
at org.openqa.selenium.remote.codec.w3c.W3CHttpResponseCodec.createException(W3CHttpResponseCodec.java:200)
at org.openqa.selenium.remote.codec.w3c.W3CHttpResponseCodec.decode(W3CHttpResponseCodec.java:133)
at org.openqa.selenium.remote.codec.w3c.W3CHttpResponseCodec.decode(W3CHttpResponseCodec.java:52)
at org.openqa.selenium.remote.HttpCommandExecutor.execute(HttpCommandExecutor.java:191)
at org.openqa.selenium.remote.service.DriverCommandExecutor.invokeExecute(DriverCommandExecutor.java:196)
at org.openqa.selenium.remote.service.DriverCommandExecutor.execute(DriverCommandExecutor.java:171)
at org.openqa.selenium.remote.RemoteWebDriver.execute(RemoteWebDriver.java:518)
at org.openqa.selenium.remote.ElementLocation$ElementFinder$2.findElement(ElementLocation.java:165)
at org.openqa.selenium.remote.ElementLocation.findElement(ElementLocation.java:59)
at org.openqa.selenium.remote.RemoteWebDriver.findElement(RemoteWebDriver.java:355)
at org.openqa.selenium.remote.RemoteWebDriver.findElement(RemoteWebDriver.java:349)
at org.openqa.selenium.support.pagefactory.DefaultElementLocator.findElement(DefaultElementLocator.java:68)
at org.openqa.selenium.support.pagefactory.internal.LocatingElementHandler.invoke(LocatingElementHandler.java:38)
at jdk.proxy2/jdk.proxy2.$Proxy28.getText(Unknown Source)
at Pages.HomePage.dispalyCucumberText(HomePage.java:86)
at Pages.HomePage.isTextContains(HomePage.java:175)
at testcases.VerifySearchFuntioanlityOnHomePage.FailedTestcase_matchingSearchedProduct(VerifySearchFuntioanlityOnHomePage.java:50)
at java.base/jdk.internal.reflect.NativeMethodAccessorImpl.invoke0(Native Method)
at java.base/jdk.internal.reflect.NativeMethodAccessorImpl.invoke(NativeMethodAccessorImpl.java:77)
at java.base/jdk.internal.reflect.DelegatingMethodAccessorImpl.invoke(DelegatingMethodAccessorImpl.java:43)
at java.base/java.lang.reflect.Method.invoke(Method.java:568)
at org.testng.internal.MethodInvocationHelper.invokeMethod(MethodInvocationHelper.java:134)
at org.testng.internal.TestInvoker.invokeMethod(TestInvoker.java:597)
at org.testng.internal.TestInvoker.invokeTestMethod(TestInvoker.java:173)
at org.testng.internal.MethodRunner.runInSequence(MethodRunner.java:46)
at org.testng.internal.TestInvoker$MethodInvocationAgent.invoke(TestInvoker.java:816)
at org.testng.internal.TestInvoker.invokeTestMethods(TestInvoker.java:146)
at org.testng.internal.TestMethodWorker.invokeTestMethods(TestMethodWorker.java:146)
at org.testng.internal.TestMethodWorker.run(TestMethodWorker.java:128)
at java.base/java.util.ArrayList.forEach(ArrayList.java:1511)
at org.testng.TestRunner.privateRun(TestRunner.java:766)
at org.testng.TestRunner.run(TestRunner.java:587)
at org.testng.SuiteRunner.runTest(SuiteRunner.java:384)
at org.testng.SuiteRunner.runSequentially(SuiteRunner.java:378)
at org.testng.SuiteRunner.privateRun(SuiteRunner.java:337)
at org.testng.SuiteRunner.run(SuiteRunner.java:286)
at org.testng.SuiteRunnerWorker.runSuite(SuiteRunnerWorker.java:53)
at org.testng.SuiteRunnerWorker.run(SuiteRunnerWorker.java:96)
at org.testng.TestNG.runSuitesSequentially(TestNG.java:1187)
at org.testng.TestNG.runSuitesLocally(TestNG.java:1109)
at org.testng.TestNG.runSuites(TestNG.java:1039)
at org.testng.TestNG.run(TestNG.java:1007)
at org.apache.maven.surefire.testng.TestNGExecutor.run(TestNGExecutor.java:284)
at org.apache.maven.surefire.testng.TestNGXmlTestSuite.execute(TestNGXmlTestSuite.java:75)
at org.apache.maven.surefire.testng.TestNGProvider.invoke(TestNGProvider.java:119)
at org.apache.maven.surefire.booter.ForkedBooter.runSuitesInProcess(ForkedBooter.java:428)
at org.apache.maven.surefire.booter.ForkedBooter.execute(ForkedBooter.java:162)
at org.apache.maven.surefire.booter.ForkedBooter.run(ForkedBooter.java:562)
at org.apache.maven.surefire.booter.ForkedBooter.main(ForkedBooter.java:548)
]]>
            </full-stacktrace>
          </exception> <!-- org.openqa.selenium.NoSuchElementException -->
          <reporter-output>
          </reporter-output>
        </test-method> <!-- FailedTestcase_matchingSearchedProduct -->
        <test-method is-config="true" signature="testStatus(org.testng.ITestResult)[pri:0, instance:testcases.VerifySearchFuntioanlityOnHomePage@14c01636]" started-at="2023-10-08T10:50:40 IST" name="testStatus" finished-at="2023-10-08T10:50:41 IST" duration-ms="744" status="PASS">
          <params>
            <param index="0">
              <value>
                <![CDATA[[TestResult name=FailedTestcase_matchingSearchedProduct status=FAILURE method=VerifySearchFuntioanlityOnHomePage.FailedTestcase_matchingSearchedProduct()[pri:0, instance:testcases.VerifySearchFuntioanlityOnHomePage@14c01636] output={null}]]]>
              </value>
            </param>
          </params>
          <reporter-output>
          </reporter-output>
        </test-method> <!-- testStatus -->
        <test-method is-config="true" signature="setUp(java.lang.reflect.Method)[pri:0, instance:testcases.VerifySearchFuntioanlityOnHomePage@14c01636]" started-at="2023-10-08T10:50:41 IST" name="setUp" finished-at="2023-10-08T10:50:45 IST" duration-ms="4054" status="PASS">
          <params>
            <param index="0">
              <value>
                <![CDATA[public void testcases.VerifySearchFuntioanlityOnHomePage.matchingSearchedProduct()]]>
              </value>
            </param>
          </params>
          <reporter-output>
          </reporter-output>
        </test-method> <!-- setUp -->
        <test-method signature="matchingSearchedProduct()[pri:0, instance:testcases.VerifySearchFuntioanlityOnHomePage@14c01636]" started-at="2023-10-08T10:50:45 IST" name="matchingSearchedProduct" finished-at="2023-10-08T10:50:46 IST" duration-ms="1209" status="PASS">
          <reporter-output>
          </reporter-output>
        </test-method> <!-- matchingSearchedProduct -->
        <test-method is-config="true" signature="testStatus(org.testng.ITestResult)[pri:0, instance:testcases.VerifySearchFuntioanlityOnHomePage@14c01636]" started-at="2023-10-08T10:50:46 IST" name="testStatus" finished-at="2023-10-08T10:50:47 IST" duration-ms="630" status="PASS">
          <params>
            <param index="0">
              <value>
                <![CDATA[[TestResult name=matchingSearchedProduct status=SUCCESS method=VerifySearchFuntioanlityOnHomePage.matchingSearchedProduct()[pri:0, instance:testcases.VerifySearchFuntioanlityOnHomePage@14c01636] output={null}]]]>
              </value>
            </param>
          </params>
          <reporter-output>
          </reporter-output>
        </test-method> <!-- testStatus -->
      </class> <!-- testcases.VerifySearchFuntioanlityOnHomePage -->
    </test> <!-- Test -->
  </suite> <!-- Suite -->
</testng-results>
